[2023-05-10 16:18:52 INFO]
TreeLSTM(
  (user_embedding): Embedding(1047, 128)
  (POI_embedding): Embedding(4980, 128)
  (cat_embedding): Embedding(318, 32)
  (coo_embedding): Embedding(1024, 32)
  (l1): SineActivation()
  (dropout): Dropout(p=0.4, inplace=False)
  (cell): NaryTreeLSTMCell(
    (W_f): Linear(in_features=352, out_features=512, bias=False)
    (U_f): Linear(in_features=1536, out_features=1536, bias=False)
    (W_iou): Linear(in_features=352, out_features=1536, bias=False)
    (U_iou): Linear(in_features=1536, out_features=1536, bias=False)
    (transformer_encoder): TransformerEncoder(
      (layers): ModuleList(
        (0-1): 2 x TransformerEncoderLayer(
          (self_attn): MultiheadAttention(
            (out_proj): NonDynamicallyQuantizableLinear(in_features=512, out_features=512, bias=True)
          )
          (linear1): Linear(in_features=512, out_features=1024, bias=True)
          (dropout): Dropout(p=0.3, inplace=False)
          (linear2): Linear(in_features=1024, out_features=512, bias=True)
          (norm1): LayerNorm((512,), eps=1e-05, elementwise_affine=True)
          (norm2): LayerNorm((512,), eps=1e-05, elementwise_affine=True)
          (dropout1): Dropout(p=0.3, inplace=False)
          (dropout2): Dropout(p=0.3, inplace=False)
        )
      )
    )
  )
  (decoder_POI): Linear(in_features=512, out_features=4980, bias=True)
  (decoder_cat): Linear(in_features=512, out_features=318, bias=True)
)
[2023-05-10 16:21:31 INFO]************************  Training epoch: 1/60  ************************
[2023-05-10 16:21:31 INFO]Current epoch's mean loss: 13.757440653714267
[2023-05-10 16:21:31 INFO]acc@1: 0.00995255912580695	acc@5: 0.024304202462211707	acc@10: 0.03483868669160333	acc@20: 0.0506331364942122	mrr: 0.0	mAP: 0.017341561547465092
[2023-05-10 16:21:39 INFO]================================ Testing ================================
[2023-05-10 16:21:39 INFO]acc@1: 0.006964353975535168	acc@5: 0.03469335340214067	acc@10: 0.04159349913990826	acc@20: 0.07367820623088685	mrr: 0.0	mAP: 0.0187820524710757

[2023-05-10 16:24:06 INFO]************************  Training epoch: 2/60  ************************
[2023-05-10 16:24:06 INFO]Current epoch's mean loss: 12.78492476723411
[2023-05-10 16:24:06 INFO]acc@1: 0.03639570986084166	acc@5: 0.09650930747522589	acc@10: 0.13665880168506486	acc@20: 0.18680656010744628	mrr: 0.0	mAP: 0.06616391440419912
[2023-05-10 16:24:14 INFO]================================ Testing ================================
[2023-05-10 16:24:14 INFO]acc@1: 0.03628661362767584	acc@5: 0.11372921444954129	acc@10: 0.15802095279051986	acc@20: 0.2089171803325688	mrr: 0.0	mAP: 0.07218761564914511

[2023-05-10 16:26:42 INFO]************************  Training epoch: 3/60  ************************
[2023-05-10 16:26:42 INFO]Current epoch's mean loss: 11.761111346158115
[2023-05-10 16:26:42 INFO]acc@1: 0.05547512966368047	acc@5: 0.14107035830014142	acc@10: 0.19941164257870983	acc@20: 0.2689558865535309	mrr: 0.0	mAP: 0.09808855944743401
[2023-05-10 16:26:50 INFO]================================ Testing ================================
[2023-05-10 16:26:50 INFO]acc@1: 0.019235593463302753	acc@5: 0.061702623279816515	acc@10: 0.11315134030963303	acc@20: 0.1600129013761468	mrr: 0.0	mAP: 0.04467308743792731

[2023-05-10 16:29:18 INFO]************************  Training epoch: 4/60  ************************
[2023-05-10 16:29:18 INFO]Current epoch's mean loss: 10.985217267816717
[2023-05-10 16:29:18 INFO]acc@1: 0.08489720094632078	acc@5: 0.2047321712918203	acc@10: 0.27165315296884857	acc@20: 0.34112743548233704	mrr: 0.0	mAP: 0.14160675329988567
[2023-05-10 16:29:26 INFO]================================ Testing ================================
[2023-05-10 16:29:26 INFO]acc@1: 0.14054585961391436	acc@5: 0.3054027499044343	acc@10: 0.359588529720948	acc@20: 0.40014125812308865	mrr: 0.0	mAP: 0.21368079682185315

[2023-05-10 16:31:53 INFO]************************  Training epoch: 5/60  ************************
[2023-05-10 16:31:53 INFO]Current epoch's mean loss: 10.191202943975275
[2023-05-10 16:31:53 INFO]acc@1: 0.12717495924786548	acc@5: 0.3057104950639012	acc@10: 0.3820422428127248	acc@20: 0.4506340024049097	mrr: 0.0	mAP: 0.20759083259479735
[2023-05-10 16:32:01 INFO]================================ Testing ================================
[2023-05-10 16:32:01 INFO]acc@1: 0.16596186926605505	acc@5: 0.3425375095565749	acc@10: 0.40375185158639143	acc@20: 0.45624133935397554	mrr: 0.0	mAP: 0.2465443056544091

[2023-05-10 16:34:28 INFO]************************  Training epoch: 6/60  ************************
[2023-05-10 16:34:28 INFO]Current epoch's mean loss: 9.492072018710049
[2023-05-10 16:34:28 INFO]acc@1: 0.1722544790464338	acc@5: 0.39652189142849925	acc@10: 0.4794343176202906	acc@20: 0.5486134560957608	mrr: 0.0	mAP: 0.271641986019877
[2023-05-10 16:34:36 INFO]================================ Testing ================================
[2023-05-10 16:34:36 INFO]acc@1: 0.18984882693042815	acc@5: 0.4043685493119266	acc@10: 0.47823938025611623	acc@20: 0.5207706183103975	mrr: 0.0	mAP: 0.28388992345604747

[2023-05-10 16:37:04 INFO]************************  Training epoch: 7/60  ************************
[2023-05-10 16:37:04 INFO]Current epoch's mean loss: 8.919500177556818
[2023-05-10 16:37:04 INFO]acc@1: 0.20332206375605838	acc@5: 0.4607226634949141	acc@10: 0.5515117321280018	acc@20: 0.6214518709936211	mrr: 0.0	mAP: 0.31646840095765183
[2023-05-10 16:37:11 INFO]================================ Testing ================================
[2023-05-10 16:37:11 INFO]acc@1: 0.21405682578363916	acc@5: 0.4388946626529052	acc@10: 0.5058653478593272	acc@20: 0.5542559609136086	mrr: 0.0	mAP: 0.31438187419725677

[2023-05-10 16:39:38 INFO]************************  Training epoch: 8/60  ************************
[2023-05-10 16:39:38 INFO]Current epoch's mean loss: 8.424280166625977
[2023-05-10 16:39:38 INFO]acc@1: 0.22932995389762975	acc@5: 0.5108379117216933	acc@10: 0.6069078264683885	acc@20: 0.6773597361176611	mrr: 0.0	mAP: 0.35259768082088966
[2023-05-10 16:39:46 INFO]================================ Testing ================================
[2023-05-10 16:39:46 INFO]acc@1: 0.21288763857033638	acc@5: 0.45246350582951067	acc@10: 0.5183934202981652	acc@20: 0.5746607415902141	mrr: 0.0	mAP: 0.316224176117555

[2023-05-10 16:42:15 INFO]************************  Training epoch: 9/60  ************************
[2023-05-10 16:42:15 INFO]Current epoch's mean loss: 8.029296875
[2023-05-10 16:42:15 INFO]acc@1: 0.2503852312479202	acc@5: 0.5485678055913005	acc@10: 0.6471283095893324	acc@20: 0.7172354984768887	mrr: 0.0	mAP: 0.38035241388288127
[2023-05-10 16:42:23 INFO]================================ Testing ================================
[2023-05-10 16:42:23 INFO]acc@1: 0.22603240873470948	acc@5: 0.46395080753058104	acc@10: 0.5380142631880733	acc@20: 0.5892061472668195	mrr: 0.0	mAP: 0.330409494236231

[2023-05-10 16:44:52 INFO]************************  Training epoch: 10/60  ************************
[2023-05-10 16:44:52 INFO]Current epoch's mean loss: 7.696819478815252
[2023-05-10 16:44:52 INFO]acc@1: 0.26623657579355975	acc@5: 0.5747071324534017	acc@10: 0.6746702341530926	acc@20: 0.7454886230250527	mrr: 0.0	mAP: 0.4006462862504964
[2023-05-10 16:45:00 INFO]================================ Testing ================================
[2023-05-10 16:45:00 INFO]acc@1: 0.22713738771024464	acc@5: 0.46860217173165136	acc@10: 0.5529837418769112	acc@20: 0.6026465739678899	mrr: 0.0	mAP: 0.33324046498373694

[2023-05-10 16:47:30 INFO]************************  Training epoch: 11/60  ************************
[2023-05-10 16:47:30 INFO]Current epoch's mean loss: 7.442918257279829
[2023-05-10 16:47:30 INFO]acc@1: 0.27957546132485306	acc@5: 0.5959679567481753	acc@10: 0.6973025846077198	acc@20: 0.7670436232260935	mrr: 0.0	mAP: 0.41658850120854
[2023-05-10 16:47:38 INFO]================================ Testing ================================
[2023-05-10 16:47:38 INFO]acc@1: 0.22450335674694188	acc@5: 0.47696716121941896	acc@10: 0.5648951165902141	acc@20: 0.6091868549311927	mrr: 0.0	mAP: 0.3358561843098264

[2023-05-10 16:50:06 INFO]************************  Training epoch: 12/60  ************************
[2023-05-10 16:50:06 INFO]Current epoch's mean loss: 7.216583858836781
[2023-05-10 16:50:06 INFO]acc@1: 0.28965876380779676	acc@5: 0.6129982579701121	acc@10: 0.7149403560956493	acc@20: 0.7855276238813094	mrr: 0.0	mAP: 0.4296953458587565
[2023-05-10 16:50:14 INFO]================================ Testing ================================
[2023-05-10 16:50:14 INFO]acc@1: 0.22590399225917432	acc@5: 0.48998351490825687	acc@10: 0.5709471163035168	acc@20: 0.6215865108944953	mrr: 0.0	mAP: 0.34062823102243933

[2023-05-10 16:52:48 INFO]************************  Training epoch: 13/60  ************************
[2023-05-10 16:52:48 INFO]Current epoch's mean loss: 7.033136584542015
[2023-05-10 16:52:48 INFO]acc@1: 0.2996007940316193	acc@5: 0.6256266674022641	acc@10: 0.7290435331221198	acc@20: 0.8007640626485546	mrr: 0.0	mAP: 0.4404964853641518
[2023-05-10 16:52:55 INFO]================================ Testing ================================
[2023-05-10 16:52:55 INFO]acc@1: 0.22736883600917432	acc@5: 0.49096007740825687	acc@10: 0.5748533663035168	acc@20: 0.6265977398700306	mrr: 0.0	mAP: 0.34485519413487464

[2023-05-10 16:55:24 INFO]************************  Training epoch: 14/60  ************************
[2023-05-10 16:55:24 INFO]Current epoch's mean loss: 6.878182714635676
[2023-05-10 16:55:24 INFO]acc@1: 0.30749581299322465	acc@5: 0.6361381727433314	acc@10: 0.7408143923767642	acc@20: 0.8124778120167302	mrr: 0.0	mAP: 0.4497476014478078
[2023-05-10 16:55:32 INFO]================================ Testing ================================
[2023-05-10 16:55:32 INFO]acc@1: 0.2356307936735474	acc@5: 0.5028714521215596	acc@10: 0.5828584910168195	acc@20: 0.6345386563455657	mrr: 0.0	mAP: 0.35169520592187037

[2023-05-10 16:58:02 INFO]************************  Training epoch: 15/60  ************************
[2023-05-10 16:58:02 INFO]Current epoch's mean loss: 6.743070559068159
[2023-05-10 16:58:02 INFO]acc@1: 0.3146734450203589	acc@5: 0.6478050803121452	acc@10: 0.7513980614620891	acc@20: 0.8249390689359912	mrr: 0.0	mAP: 0.4588197398328997
[2023-05-10 16:58:10 INFO]================================ Testing ================================
[2023-05-10 16:58:10 INFO]acc@1: 0.24223528287461774	acc@5: 0.5034239416093272	acc@10: 0.5813936472668195	acc@20: 0.6365559895833333	mrr: 0.0	mAP: 0.3554360388990664

[2023-05-10 17:00:42 INFO]************************  Training epoch: 16/60  ************************
[2023-05-10 17:00:42 INFO]Current epoch's mean loss: 6.61412373456088
[2023-05-10 17:00:42 INFO]acc@1: 0.32196160304286786	acc@5: 0.6557254880549941	acc@10: 0.7614416555058383	acc@20: 0.8340209869802876	mrr: 0.0	mAP: 0.46676961387265714
[2023-05-10 17:00:51 INFO]================================ Testing ================================
[2023-05-10 17:00:51 INFO]acc@1: 0.22583978402140673	acc@5: 0.5069703268348624	acc@10: 0.5848758242545872	acc@20: 0.6371084790711009	mrr: 0.0	mAP: 0.34791140049535707

[2023-05-10 17:03:22 INFO]************************  Training epoch: 17/60  ************************
[2023-05-10 17:03:22 INFO]Current epoch's mean loss: 6.51198707927357
[2023-05-10 17:03:22 INFO]acc@1: 0.3269583139670556	acc@5: 0.6608864631662533	acc@10: 0.7677705839721161	acc@20: 0.8433667480963559	mrr: 0.0	mAP: 0.4729841987539805
[2023-05-10 17:03:31 INFO]================================ Testing ================================
[2023-05-10 17:03:31 INFO]acc@1: 0.21991620078363916	acc@5: 0.5019590978593272	acc@10: 0.5898870532301224	acc@20: 0.6430320623088686	mrr: 0.0	mAP: 0.3423191831631267

[2023-05-10 17:06:00 INFO]************************  Training epoch: 18/60  ************************
[2023-05-10 17:06:00 INFO]Current epoch's mean loss: 6.422548640858043
[2023-05-10 17:06:00 INFO]acc@1: 0.3314287403478213	acc@5: 0.668646733306235	acc@10: 0.7765733605146831	acc@20: 0.8504484255176495	mrr: 0.0	mAP: 0.4778926277319257
[2023-05-10 17:06:08 INFO]================================ Testing ================================
[2023-05-10 17:06:08 INFO]acc@1: 0.22437494027140673	acc@5: 0.5078826810970948	acc@10: 0.5959390529434251	acc@20: 0.6516538847477065	mrr: 0.0	mAP: 0.3494198176516272

[2023-05-10 17:08:37 INFO]************************  Training epoch: 19/60  ************************
[2023-05-10 17:08:37 INFO]Current epoch's mean loss: 6.345249132676558
[2023-05-10 17:08:37 INFO]acc@1: 0.3386208127284659	acc@5: 0.6774493704474037	acc@10: 0.7835437513624871	acc@20: 0.8574991493652362	mrr: 0.0	mAP: 0.4856273183778981
[2023-05-10 17:08:46 INFO]================================ Testing ================================
[2023-05-10 17:08:46 INFO]acc@1: 0.22333416953363916	acc@5: 0.5159520140481652	acc@10: 0.6024793339067278	acc@20: 0.6542237074732415	mrr: 0.0	mAP: 0.3524163909362238

[2023-05-10 17:11:16 INFO]************************  Training epoch: 20/60  ************************
[2023-05-10 17:11:16 INFO]Current epoch's mean loss: 6.27097767049616
[2023-05-10 17:11:16 INFO]acc@1: 0.34513939999783505	acc@5: 0.6834741281516903	acc@10: 0.7900787328099678	acc@20: 0.8653363425288543	mrr: 0.0	mAP: 0.4923358529857164
[2023-05-10 17:11:24 INFO]================================ Testing ================================
[2023-05-10 17:11:24 INFO]acc@1: 0.22896209623470948	acc@5: 0.50898766007263	acc@10: 0.5994212299311927	acc@20: 0.6536070097477065	mrr: 0.0	mAP: 0.35306695533754434

[2023-05-10 17:13:54 INFO]************************  Training epoch: 21/60  ************************
[2023-05-10 17:13:54 INFO]Current epoch's mean loss: 6.203011686151678
[2023-05-10 17:13:54 INFO]acc@1: 0.346807954403744	acc@5: 0.6876916440333859	acc@10: 0.7961827907221557	acc@20: 0.8695668563465117	mrr: 0.0	mAP: 0.49509437464066275
[2023-05-10 17:14:02 INFO]================================ Testing ================================
[2023-05-10 17:14:02 INFO]acc@1: 0.22320575305810397	acc@5: 0.51191734757263	acc@10: 0.5972112719801224	acc@20: 0.6571533949732415	mrr: 0.0	mAP: 0.3501016094120043

[2023-05-10 17:16:32 INFO]************************  Training epoch: 22/60  ************************
[2023-05-10 17:16:32 INFO]Current epoch's mean loss: 6.140069961547852
[2023-05-10 17:16:32 INFO]acc@1: 0.3525322880600567	acc@5: 0.6947691901112557	acc@10: 0.8019340797996617	acc@20: 0.8762533978288777	mrr: 0.0	mAP: 0.5013769468421775
[2023-05-10 17:16:40 INFO]================================ Testing ================================
[2023-05-10 17:16:40 INFO]acc@1: 0.22473480504587157	acc@5: 0.5199224722859328	acc@10: 0.5997810947056574	acc@20: 0.6581941657110092	mrr: 0.0	mAP: 0.35318663359198826

[2023-05-10 17:19:06 INFO]************************  Training epoch: 23/60  ************************
[2023-05-10 17:19:06 INFO]Current epoch's mean loss: 6.08911267193881
[2023-05-10 17:19:06 INFO]acc@1: 0.3554085249734985	acc@5: 0.697538944894473	acc@10: 0.8066250813474429	acc@20: 0.8809118341056735	mrr: 0.0	mAP: 0.5046283251184142
[2023-05-10 17:19:15 INFO]================================ Testing ================================
[2023-05-10 17:19:15 INFO]acc@1: 0.22411810732033638	acc@5: 0.5189459097859328	acc@10: 0.6017984279434251	acc@20: 0.6672400611620795	mrr: 0.0	mAP: 0.352838317975624

[2023-05-10 17:21:42 INFO]************************  Training epoch: 24/60  ************************
[2023-05-10 17:21:42 INFO]Current epoch's mean loss: 6.038485743782737
[2023-05-10 17:21:42 INFO]acc@1: 0.3575986382764437	acc@5: 0.7018160082554865	acc@10: 0.812598620083304	acc@20: 0.8848900138347365	mrr: 0.0	mAP: 0.5078680435906903
[2023-05-10 17:21:50 INFO]================================ Testing ================================
[2023-05-10 17:21:50 INFO]acc@1: 0.22395086725917432	acc@5: 0.505248650133792	acc@10: 0.6140950520833333	acc@20: 0.6602114989487767	mrr: 0.0	mAP: 0.35200732997792394

[2023-05-10 17:24:16 INFO]************************  Training epoch: 25/60  ************************
[2023-05-10 17:24:16 INFO]Current epoch's mean loss: 5.99782319502397
[2023-05-10 17:24:16 INFO]acc@1: 0.3625394469201237	acc@5: 0.7076692387363107	acc@10: 0.8155133769120351	acc@20: 0.88853953794823	mrr: 0.0	mAP: 0.512355101789306
[2023-05-10 17:24:24 INFO]================================ Testing ================================
[2023-05-10 17:24:24 INFO]acc@1: 0.22522308629587157	acc@5: 0.5058011396215596	acc@10: 0.609443687882263	acc@20: 0.6666875716743119	mrr: 0.0	mAP: 0.3540278300948906

[2023-05-10 17:26:52 INFO]************************  Training epoch: 26/60  ************************
[2023-05-10 17:26:52 INFO]Current epoch's mean loss: 5.952217405492609
[2023-05-10 17:26:52 INFO]acc@1: 0.36521491509299325	acc@5: 0.7111798365190315	acc@10: 0.8202511503454339	acc@20: 0.89101740028061	mrr: 0.0	mAP: 0.5157378945957943
[2023-05-10 17:27:00 INFO]================================ Testing ================================
[2023-05-10 17:27:00 INFO]acc@1: 0.23182757549694188	acc@5: 0.5111722333715596	acc@10: 0.6054732296444953	acc@20: 0.6641819571865444	mrr: 0.0	mAP: 0.3562050110962413

[2023-05-10 17:29:26 INFO]************************  Training epoch: 27/60  ************************
[2023-05-10 17:29:26 INFO]Current epoch's mean loss: 5.904196739196777
[2023-05-10 17:29:26 INFO]acc@1: 0.36903235260837197	acc@5: 0.7142007137204807	acc@10: 0.823564839082395	acc@20: 0.8946781369739419	mrr: 0.0	mAP: 0.5196883100216121
[2023-05-10 17:29:34 INFO]================================ Testing ================================
[2023-05-10 17:29:34 INFO]acc@1: 0.22583978402140673	acc@5: 0.5159520140481652	acc@10: 0.6024151256689603	acc@20: 0.6636936759365444	mrr: 0.0	mAP: 0.3536885067722628

[2023-05-10 17:32:01 INFO]************************  Training epoch: 28/60  ************************
[2023-05-10 17:32:01 INFO]Current epoch's mean loss: 5.873530301180753
[2023-05-10 17:32:01 INFO]acc@1: 0.37260654987361297	acc@5: 0.7192149576498545	acc@10: 0.8276309819032984	acc@20: 0.8972710932686598	mrr: 0.0	mAP: 0.5229697662645469
[2023-05-10 17:32:09 INFO]================================ Testing ================================
[2023-05-10 17:32:09 INFO]acc@1: 0.22772870078363916	acc@5: 0.5164402952981652	acc@10: 0.611396812882263	acc@20: 0.6636936759365444	mrr: 0.0	mAP: 0.35443116963517207

[2023-05-10 17:34:35 INFO]************************  Training epoch: 29/60  ************************
[2023-05-10 17:34:35 INFO]Current epoch's mean loss: 5.8383449641141025
[2023-05-10 17:34:35 INFO]acc@1: 0.3751868223777624	acc@5: 0.7236505911945511	acc@10: 0.8320060567075181	acc@20: 0.8997539211370064	mrr: 0.0	mAP: 0.5264502477671481
[2023-05-10 17:34:43 INFO]================================ Testing ================================
[2023-05-10 17:34:43 INFO]acc@1: 0.22772870078363916	acc@5: 0.5080753058103975	acc@10: 0.6075547711200306	acc@20: 0.6657110091743119	mrr: 0.0	mAP: 0.3554968029879191

[2023-05-10 17:37:10 INFO]************************  Training epoch: 30/60  ************************
[2023-05-10 17:37:10 INFO]Current epoch's mean loss: 5.805084575306285
[2023-05-10 17:37:10 INFO]acc@1: 0.37866990005638007	acc@5: 0.7259735948898853	acc@10: 0.8350397677912245	acc@20: 0.9030038851681783	mrr: 0.0	mAP: 0.5296367925978706
[2023-05-10 17:37:18 INFO]================================ Testing ================================
[2023-05-10 17:37:18 INFO]acc@1: 0.22968182578363916	acc@5: 0.5256788154625383	acc@10: 0.6104844586200306	acc@20: 0.6682808318998471	mrr: 0.0	mAP: 0.35967535511348303

[2023-05-10 17:39:45 INFO]************************  Training epoch: 31/60  ************************
[2023-05-10 17:39:45 INFO]Current epoch's mean loss: 5.771479693326083
[2023-05-10 17:39:45 INFO]acc@1: 0.3797332789058165	acc@5: 0.7302672223711525	acc@10: 0.8382270889690759	acc@20: 0.9054481441388286	mrr: 0.0	mAP: 0.531920670693255
[2023-05-10 17:39:53 INFO]================================ Testing ================================
[2023-05-10 17:39:53 INFO]acc@1: 0.22216498232033638	acc@5: 0.5205391700114679	acc@10: 0.6129900731077982	acc@20: 0.6641819571865444	mrr: 0.0	mAP: 0.3546212529460493

[2023-05-10 17:42:20 INFO]************************  Training epoch: 32/60  ************************
[2023-05-10 17:42:20 INFO]Current epoch's mean loss: 5.742846618999135
[2023-05-10 17:42:20 INFO]acc@1: 0.3827817558754939	acc@5: 0.7335704877168587	acc@10: 0.8395721125335328	acc@20: 0.9075589099601694	mrr: 0.0	mAP: 0.5345499066379592
[2023-05-10 17:42:28 INFO]================================ Testing ================================
[2023-05-10 17:42:28 INFO]acc@1: 0.22870526328363916	acc@5: 0.5220682219992354	acc@10: 0.6115252293577982	acc@20: 0.6707222381498471	mrr: 0.0	mAP: 0.3571375348679351

[2023-05-10 17:44:54 INFO]************************  Training epoch: 33/60  ************************
[2023-05-10 17:44:54 INFO]Current epoch's mean loss: 5.715858546170321
[2023-05-10 17:44:54 INFO]acc@1: 0.38414036705153587	acc@5: 0.7362754083036344	acc@10: 0.842810268062311	acc@20: 0.9101678043814782	mrr: 0.0	mAP: 0.5364584377842966
[2023-05-10 17:45:02 INFO]================================ Testing ================================
[2023-05-10 17:45:02 INFO]acc@1: 0.22522308629587157	acc@5: 0.5129581183103975	acc@10: 0.6139666356077982	acc@20: 0.6616763426987767	mrr: 0.0	mAP: 0.35387234795441147

[2023-05-10 17:47:29 INFO]************************  Training epoch: 34/60  ************************
[2023-05-10 17:47:29 INFO]Current epoch's mean loss: 5.699708981947466
[2023-05-10 17:47:29 INFO]acc@1: 0.3857084080699169	acc@5: 0.7366189708192477	acc@10: 0.8431810935936852	acc@20: 0.9114649582664605	mrr: 0.0	mAP: 0.5378202241853831
[2023-05-10 17:47:37 INFO]================================ Testing ================================
[2023-05-10 17:47:37 INFO]acc@1: 0.22834539850917432	acc@5: 0.5135748160359328	acc@10: 0.6111011563455657	acc@20: 0.6631411864487767	mrr: 0.0	mAP: 0.35665599008229076

[2023-05-10 17:50:03 INFO]************************  Training epoch: 35/60  ************************
[2023-05-10 17:50:03 INFO]Current epoch's mean loss: 5.670494036241011
[2023-05-10 17:50:03 INFO]acc@1: 0.3913749552100608	acc@5: 0.740520836662937	acc@10: 0.8460841424546296	acc@20: 0.9132792268919318	mrr: 0.0	mAP: 0.5428142053068203
[2023-05-10 17:50:11 INFO]================================ Testing ================================
[2023-05-10 17:50:11 INFO]acc@1: 0.22828119027140673	acc@5: 0.527824565175841	acc@10: 0.6125660000955657	acc@20: 0.6701697486620795	mrr: 0.0	mAP: 0.3598696695856688

[2023-05-10 17:52:37 INFO]************************  Training epoch: 36/60  ************************
[2023-05-10 17:52:37 INFO]Current epoch's mean loss: 5.6413796598261055
[2023-05-10 17:52:37 INFO]acc@1: 0.38946279968660186	acc@5: 0.7430287713577163	acc@10: 0.8492665787884278	acc@20: 0.9144049552633788	mrr: 0.0	mAP: 0.5431250382742756
[2023-05-10 17:52:45 INFO]================================ Testing ================================
[2023-05-10 17:52:45 INFO]acc@1: 0.23182757549694188	acc@5: 0.5201150969992354	acc@10: 0.6029676151567278	acc@20: 0.6731636443998471	mrr: 0.0	mAP: 0.36011961241433244

[2023-05-10 17:55:12 INFO]************************  Training epoch: 37/60  ************************
[2023-05-10 17:55:12 INFO]Current epoch's mean loss: 5.624063145030629
[2023-05-10 17:55:12 INFO]acc@1: 0.39376886363427505	acc@5: 0.7450357699411057	acc@10: 0.8508608414734868	acc@20: 0.9170900052713175	mrr: 0.0	mAP: 0.5459996108066295
[2023-05-10 17:55:20 INFO]================================ Testing ================================
[2023-05-10 17:55:20 INFO]acc@1: 0.22772870078363916	acc@5: 0.5216441489870031	acc@10: 0.6116536458333333	acc@20: 0.6707222381498471	mrr: 0.0	mAP: 0.3587559362930962

[2023-05-10 17:57:46 INFO]************************  Training epoch: 38/60  ************************
[2023-05-10 17:57:46 INFO]Current epoch's mean loss: 5.601023197174072
[2023-05-10 17:57:46 INFO]acc@1: 0.3947662598778134	acc@5: 0.7477974585941102	acc@10: 0.8540378650281444	acc@20: 0.9186173294352881	mrr: 0.0	mAP: 0.5475300965391336
[2023-05-10 17:57:54 INFO]================================ Testing ================================
[2023-05-10 17:57:54 INFO]acc@1: 0.23384490873470948	acc@5: 0.5180335555237003	acc@10: 0.6080430523700306	acc@20: 0.6693216026376148	mrr: 0.0	mAP: 0.3607329407943173

[2023-05-10 18:00:20 INFO]************************  Training epoch: 39/60  ************************
[2023-05-10 18:00:20 INFO]Current epoch's mean loss: 5.570339419625022
[2023-05-10 18:00:20 INFO]acc@1: 0.3982908676665318	acc@5: 0.7511192622765607	acc@10: 0.8555582763976507	acc@20: 0.9183492602003406	mrr: 0.0	mAP: 0.5508366517154552
[2023-05-10 18:00:28 INFO]================================ Testing ================================
[2023-05-10 18:00:28 INFO]acc@1: 0.23462884652140673	acc@5: 0.5220040137614679	acc@10: 0.6100603856077982	acc@20: 0.6682808318998471	mrr: 0.0	mAP: 0.36258169848753524

[2023-05-10 18:02:55 INFO]************************  Training epoch: 40/60  ************************
[2023-05-10 18:02:55 INFO]Current epoch's mean loss: 5.558476057919589
[2023-05-10 18:02:55 INFO]acc@1: 0.3986943633235041	acc@5: 0.7526099758368243	acc@10: 0.8574958133973678	acc@20: 0.9213300270457526	mrr: 0.0	mAP: 0.5518848996523334
[2023-05-10 18:03:03 INFO]================================ Testing ================================
[2023-05-10 18:03:03 INFO]acc@1: 0.22681634652140673	acc@5: 0.5302017631880733	acc@10: 0.6140308438455657	acc@20: 0.6687691131498471	mrr: 0.0	mAP: 0.3582707561836114

[2023-05-10 18:05:29 INFO]************************  Training epoch: 41/60  ************************
[2023-05-10 18:05:29 INFO]Current epoch's mean loss: 5.547072020444003
[2023-05-10 18:05:29 INFO]acc@1: 0.39986639899757925	acc@5: 0.7531066719617818	acc@10: 0.858214873839425	acc@20: 0.9221665134795579	mrr: 0.0	mAP: 0.5531120204281029
[2023-05-10 18:05:37 INFO]================================ Testing ================================
[2023-05-10 18:05:37 INFO]acc@1: 0.23482147123470948	acc@5: 0.5185860450114679	acc@10: 0.6145833333333333	acc@20: 0.6677283424120795	mrr: 0.0	mAP: 0.3610515395645567

[2023-05-10 18:08:05 INFO]************************  Training epoch: 42/60  ************************
[2023-05-10 18:08:05 INFO]Current epoch's mean loss: 5.523793697357178
[2023-05-10 18:08:05 INFO]acc@1: 0.4014756065799734	acc@5: 0.7566555756397683	acc@10: 0.8606463070416673	acc@20: 0.923510805596888	mrr: 0.0	mAP: 0.5548196765916157
[2023-05-10 18:08:12 INFO]================================ Testing ================================
[2023-05-10 18:08:12 INFO]acc@1: 0.22870526328363916	acc@5: 0.5185860450114679	acc@10: 0.6120777188455657	acc@20: 0.6677925506498471	mrr: 0.0	mAP: 0.35523812246367376

[2023-05-10 18:10:39 INFO]************************  Training epoch: 43/60  ************************
[2023-05-10 18:10:39 INFO]Current epoch's mean loss: 5.509881496429443
[2023-05-10 18:10:39 INFO]acc@1: 0.4028819305355693	acc@5: 0.7594425165566846	acc@10: 0.862264915170602	acc@20: 0.9246796228176279	mrr: 0.0	mAP: 0.5567662179070031
[2023-05-10 18:10:47 INFO]================================ Testing ================================
[2023-05-10 18:10:47 INFO]acc@1: 0.22938616924694188	acc@5: 0.5217725654625383	acc@10: 0.6140950520833333	acc@20: 0.6702339568998471	mrr: 0.0	mAP: 0.3557717771103144

[2023-05-10 18:13:14 INFO]************************  Training epoch: 44/60  ************************
[2023-05-10 18:13:14 INFO]Current epoch's mean loss: 5.495481794530695
[2023-05-10 18:13:14 INFO]acc@1: 0.4035037783348322	acc@5: 0.7597074283382697	acc@10: 0.8639733387954465	acc@20: 0.9255124277651454	mrr: 0.0	mAP: 0.5576932170861312
[2023-05-10 18:13:22 INFO]================================ Testing ================================
[2023-05-10 18:13:22 INFO]acc@1: 0.22711200305810397	acc@5: 0.5286727112003058	acc@10: 0.6100603856077982	acc@20: 0.6682808318998471	mrr: 0.0	mAP: 0.35783995301888605

[2023-05-10 18:15:47 INFO]************************  Training epoch: 45/60  ************************
[2023-05-10 18:15:47 INFO]Current epoch's mean loss: 5.471561952070757
[2023-05-10 18:15:47 INFO]acc@1: 0.4060638497638216	acc@5: 0.7622692211860141	acc@10: 0.8657322212063566	acc@20: 0.9257813325112534	mrr: 0.0	mAP: 0.5598153177864629
[2023-05-10 18:15:55 INFO]================================ Testing ================================
[2023-05-10 18:15:55 INFO]acc@1: 0.23378070049694188	acc@5: 0.5272720756880733	acc@10: 0.6150716145833333	acc@20: 0.6647344466743119	mrr: 0.0	mAP: 0.3612925212502939

[2023-05-10 18:18:23 INFO]************************  Training epoch: 46/60  ************************
[2023-05-10 18:18:23 INFO]Current epoch's mean loss: 5.463544065302068
[2023-05-10 18:18:23 INFO]acc@1: 0.4089940758353449	acc@5: 0.7630771172011932	acc@10: 0.8659548186326407	acc@20: 0.9268885228989806	mrr: 0.0	mAP: 0.5619819446264719
[2023-05-10 18:18:31 INFO]================================ Testing ================================
[2023-05-10 18:18:31 INFO]acc@1: 0.22724041953363916	acc@5: 0.5151038680237003	acc@10: 0.6141592603211009	acc@20: 0.6643103736620795	mrr: 0.0	mAP: 0.35582213812288643

[2023-05-10 18:20:59 INFO]************************  Training epoch: 47/60  ************************
[2023-05-10 18:20:59 INFO]Current epoch's mean loss: 5.436046860434792
[2023-05-10 18:20:59 INFO]acc@1: 0.4096422773516478	acc@5: 0.7649057674126596	acc@10: 0.8677217087645362	acc@20: 0.9275316438774688	mrr: 0.0	mAP: 0.5632152225344597
[2023-05-10 18:21:07 INFO]================================ Testing ================================
[2023-05-10 18:21:07 INFO]acc@1: 0.22760028430810397	acc@5: 0.5125982535359328	acc@10: 0.6115894375955657	acc@20: 0.6616121344610092	mrr: 0.0	mAP: 0.35534379254081616

[2023-05-10 18:23:34 INFO]************************  Training epoch: 48/60  ************************
[2023-05-10 18:23:34 INFO]Current epoch's mean loss: 5.436076857826927
[2023-05-10 18:23:34 INFO]acc@1: 0.4104167010511413	acc@5: 0.7657793683279697	acc@10: 0.8701647493256618	acc@20: 0.9290486731665349	mrr: 0.0	mAP: 0.5643546190429839
[2023-05-10 18:23:42 INFO]================================ Testing ================================
[2023-05-10 18:23:42 INFO]acc@1: 0.23573382549694188	acc@5: 0.5130223265481652	acc@10: 0.6095078961200306	acc@20: 0.6657752174120795	mrr: 0.0	mAP: 0.36195900947880233

[2023-05-10 18:26:08 INFO]************************  Training epoch: 49/60  ************************
[2023-05-10 18:26:08 INFO]Current epoch's mean loss: 5.411865277723833
[2023-05-10 18:26:08 INFO]acc@1: 0.41362883160462327	acc@5: 0.7695806367397843	acc@10: 0.8713159580194869	acc@20: 0.9302629052479197	mrr: 0.0	mAP: 0.5667410123878346
[2023-05-10 18:26:16 INFO]================================ Testing ================================
[2023-05-10 18:26:16 INFO]acc@1: 0.22779290902140673	acc@5: 0.5226207114870031	acc@10: 0.6064497921444953	acc@20: 0.6667517799120795	mrr: 0.0	mAP: 0.3570647999288128

[2023-05-10 18:28:44 INFO]************************  Training epoch: 50/60  ************************
[2023-05-10 18:28:44 INFO]Current epoch's mean loss: 5.397646427154541
[2023-05-10 18:28:44 INFO]acc@1: 0.41225144708037714	acc@5: 0.7696330134219178	acc@10: 0.8708223157112439	acc@20: 0.9301210777632314	mrr: 0.0	mAP: 0.5663860536864196
[2023-05-10 18:28:52 INFO]================================ Testing ================================
[2023-05-10 18:28:52 INFO]acc@1: 0.22785711725917432	acc@5: 0.5211558677370031	acc@10: 0.6111011563455657	acc@20: 0.6652227279243119	mrr: 0.0	mAP: 0.3568303366897323

[2023-05-10 18:31:21 INFO]************************  Training epoch: 51/60  ************************
[2023-05-10 18:31:21 INFO]Current epoch's mean loss: 5.3884734673933545
[2023-05-10 18:31:21 INFO]acc@1: 0.4148285723040778	acc@5: 0.7708516029641657	acc@10: 0.8728872104309069	acc@20: 0.9319346499420849	mrr: 0.0	mAP: 0.568226170431244
[2023-05-10 18:31:28 INFO]================================ Testing ================================
[2023-05-10 18:31:28 INFO]acc@1: 0.22583978402140673	acc@5: 0.5185218367737003	acc@10: 0.6080430523700306	acc@20: 0.6646702384365444	mrr: 0.0	mAP: 0.35483855107100615

[2023-05-10 18:33:57 INFO]************************  Training epoch: 52/60  ************************
[2023-05-10 18:33:57 INFO]Current epoch's mean loss: 5.387300751426003
[2023-05-10 18:33:57 INFO]acc@1: 0.4162627465591379	acc@5: 0.7713702401484543	acc@10: 0.8734013303669719	acc@20: 0.9315807407777132	mrr: 0.0	mAP: 0.5692390631210906
[2023-05-10 18:34:04 INFO]================================ Testing ================================
[2023-05-10 18:34:04 INFO]acc@1: 0.22418231555810397	acc@5: 0.5129581183103975	acc@10: 0.6140308438455657	acc@20: 0.6671758529243119	mrr: 0.0	mAP: 0.35496832021056257

[2023-05-10 18:36:31 INFO]************************  Training epoch: 53/60  ************************
[2023-05-10 18:36:31 INFO]Current epoch's mean loss: 5.366776856509122
[2023-05-10 18:36:31 INFO]acc@1: 0.41766426125464856	acc@5: 0.77275048449301	acc@10: 0.8745113927929551	acc@20: 0.9325045478468617	mrr: 0.0	mAP: 0.5705748998646206
[2023-05-10 18:36:39 INFO]================================ Testing ================================
[2023-05-10 18:36:39 INFO]acc@1: 0.21715375334480122	acc@5: 0.5221966384747707	acc@10: 0.6150716145833333	acc@20: 0.6697456756498471	mrr: 0.0	mAP: 0.35077964120633853

[2023-05-10 18:39:11 INFO]************************  Training epoch: 54/60  ************************
[2023-05-10 18:39:11 INFO]Current epoch's mean loss: 5.359389001672918
[2023-05-10 18:39:11 INFO]acc@1: 0.4173759047140832	acc@5: 0.7754122869406324	acc@10: 0.8750967212591146	acc@20: 0.9331216518660163	mrr: 0.0	mAP: 0.5714296699847746
[2023-05-10 18:39:19 INFO]================================ Testing ================================
[2023-05-10 18:39:19 INFO]acc@1: 0.22675213828363916	acc@5: 0.5205391700114679	acc@10: 0.6140950520833333	acc@20: 0.6657110091743119	mrr: 0.0	mAP: 0.35675857341560485

[2023-05-10 18:41:49 INFO]************************  Training epoch: 55/60  ************************
[2023-05-10 18:41:49 INFO]Current epoch's mean loss: 5.339850208976052
[2023-05-10 18:41:49 INFO]acc@1: 0.417698522768314	acc@5: 0.7766939993736656	acc@10: 0.8760758218069703	acc@20: 0.934876512948643	mrr: 0.0	mAP: 0.5724347062392747
[2023-05-10 18:41:58 INFO]================================ Testing ================================
[2023-05-10 18:41:58 INFO]acc@1: 0.2225890553325688	acc@5: 0.5156563575114679	acc@10: 0.6121419270833333	acc@20: 0.6673042693998471	mrr: 0.0	mAP: 0.3546810988958392

[2023-05-10 18:44:29 INFO]************************  Training epoch: 56/60  ************************
[2023-05-10 18:44:29 INFO]Current epoch's mean loss: 5.338321035558527
[2023-05-10 18:44:29 INFO]acc@1: 0.41841681499360506	acc@5: 0.777057381224181	acc@10: 0.8777334703651655	acc@20: 0.9354251805828393	mrr: 0.0	mAP: 0.5727687551049423
[2023-05-10 18:44:37 INFO]================================ Testing ================================
[2023-05-10 18:44:37 INFO]acc@1: 0.22766449254587157	acc@5: 0.5150396597859328	acc@10: 0.6101888020833333	acc@20: 0.6697456756498471	mrr: 0.0	mAP: 0.3566046087487005

[2023-05-10 18:47:08 INFO]************************  Training epoch: 57/60  ************************
[2023-05-10 18:47:08 INFO]Current epoch's mean loss: 5.318689086220481
[2023-05-10 18:47:08 INFO]acc@1: 0.422771338242719	acc@5: 0.7780824019179563	acc@10: 0.8786464071855629	acc@20: 0.9355046140671317	mrr: 0.0	mAP: 0.5761649246112497
[2023-05-10 18:47:16 INFO]================================ Testing ================================
[2023-05-10 18:47:16 INFO]acc@1: 0.23225164850917432	acc@5: 0.5231732009747707	acc@10: 0.6115894375955657	acc@20: 0.6672400611620795	mrr: 0.0	mAP: 0.3597885885283062

[2023-05-10 18:49:47 INFO]************************  Training epoch: 58/60  ************************
[2023-05-10 18:49:47 INFO]Current epoch's mean loss: 5.308924805034291
[2023-05-10 18:49:47 INFO]acc@1: 0.4229373066977989	acc@5: 0.7792601232060217	acc@10: 0.8798556874806862	acc@20: 0.9364309839345349	mrr: 0.0	mAP: 0.5763042822330261
[2023-05-10 18:49:55 INFO]================================ Testing ================================
[2023-05-10 18:49:55 INFO]acc@1: 0.23023431527140673	acc@5: 0.5177378989870031	acc@10: 0.605537437882263	acc@20: 0.6637578841743119	mrr: 0.0	mAP: 0.3582507307132169

[2023-05-10 18:52:26 INFO]************************  Training epoch: 59/60  ************************
[2023-05-10 18:52:26 INFO]Current epoch's mean loss: 5.299868496981534
[2023-05-10 18:52:26 INFO]acc@1: 0.41936748099849147	acc@5: 0.7800835502315895	acc@10: 0.8805729995697054	acc@20: 0.9370297326737276	mrr: 0.0	mAP: 0.5748204851021228
[2023-05-10 18:52:35 INFO]================================ Testing ================================
[2023-05-10 18:52:35 INFO]acc@1: 0.22883367975917432	acc@5: 0.5201150969992354	acc@10: 0.606025719132263	acc@20: 0.6647986549120795	mrr: 0.0	mAP: 0.35678106399061726

[2023-05-10 18:55:05 INFO]************************  Training epoch: 60/60  ************************
[2023-05-10 18:55:05 INFO]Current epoch's mean loss: 5.293503371152011
[2023-05-10 18:55:05 INFO]acc@1: 0.4270492003582648	acc@5: 0.7797624411777918	acc@10: 0.8809269947926136	acc@20: 0.9363102854499693	mrr: 0.0	mAP: 0.5792535721698866
[2023-05-10 18:55:13 INFO]================================ Testing ================================
[2023-05-10 18:55:13 INFO]acc@1: 0.22008344084480122	acc@5: 0.5220682219992354	acc@10: 0.6075547711200306	acc@20: 0.6623572486620795	mrr: 0.0	mAP: 0.3518691068552113

