[2023-05-21 14:11:29 INFO]
TreeLSTM(
  (user_embedding): Embedding(1047, 128)
  (POI_embedding): Embedding(4980, 128)
  (cat_embedding): Embedding(318, 32)
  (time_embedding): Embedding(24, 32)
  (coo_embedding): Embedding(1024, 64)
  (embed_dropout): Dropout(p=0.2, inplace=False)
  (model_dropout): Dropout(p=0.4, inplace=False)
  (cell): NaryTreeLSTMCell(
    (W_f): Linear(in_features=384, out_features=512, bias=False)
    (U_f): Linear(in_features=1536, out_features=1536, bias=False)
    (W_iou): Linear(in_features=384, out_features=1536, bias=False)
    (U_iou): Linear(in_features=1536, out_features=1536, bias=False)
    (transformer_encoder): TransformerEncoder(
      (layers): ModuleList(
        (0-1): 2 x TransformerEncoderLayer(
          (self_attn): MultiheadAttention(
            (out_proj): NonDynamicallyQuantizableLinear(in_features=512, out_features=512, bias=True)
          )
          (linear1): Linear(in_features=512, out_features=1024, bias=True)
          (dropout): Dropout(p=0.4, inplace=False)
          (linear2): Linear(in_features=1024, out_features=512, bias=True)
          (norm1): LayerNorm((512,), eps=1e-05, elementwise_affine=True)
          (norm2): LayerNorm((512,), eps=1e-05, elementwise_affine=True)
          (dropout1): Dropout(p=0.4, inplace=False)
          (dropout2): Dropout(p=0.4, inplace=False)
        )
      )
    )
  )
  (decoder_POI): Linear(in_features=512, out_features=4980, bias=True)
  (decoder_cat): Linear(in_features=512, out_features=318, bias=True)
  (decoder_coo): Linear(in_features=512, out_features=1024, bias=True)
)
[2023-05-21 14:11:29 INFO]
Adam (
Parameter Group 0
    amsgrad: False
    betas: (0.9, 0.999)
    capturable: False
    differentiable: False
    eps: 1e-08
    foreach: None
    fused: None
    initial_lr: 0.001
    lr: 0.001
    maximize: False
    weight_decay: 0.0001
)
[2023-05-21 14:12:10 INFO]************************  Training epoch: 1/360  ************************
[2023-05-21 14:12:10 INFO]Current epoch's mean loss: 19.354491710662842		lr: 0.001
[2023-05-21 14:12:13 INFO]================================ Testing ================================
[2023-05-21 14:12:15 INFO][POI]acc@1: 0.008882309400444115	acc@5: 0.023686158401184307	acc@10: 0.03626943005181347	acc@20: 0.056254626202812734
[2023-05-21 14:12:15 INFO][category]acc@1: 0.12583271650629163	acc@5: 0.307920059215396	acc@10: 0.44337527757216877	acc@20: 0.5840118430792006
[2023-05-21 14:12:15 INFO][coordinate]acc@1: 0.39748334566987414	acc@5: 0.6543301258327165	acc@10: 0.7994078460399704	acc@20: 0.9126572908956329
[2023-05-21 14:12:56 INFO]************************  Training epoch: 2/360  ************************
[2023-05-21 14:12:56 INFO]Current epoch's mean loss: 16.39301737872037		lr: 0.001
[2023-05-21 14:12:59 INFO]================================ Testing ================================
[2023-05-21 14:13:01 INFO][POI]acc@1: 0.023686158401184307	acc@5: 0.06217616580310881	acc@10: 0.08216136195410807	acc@20: 0.1154700222057735
[2023-05-21 14:13:01 INFO][category]acc@1: 0.17542561065877127	acc@5: 0.35529237601776464	acc@10: 0.46484085862324204	acc@20: 0.6025166543301258
[2023-05-21 14:13:01 INFO][coordinate]acc@1: 0.47520355292376015	acc@5: 0.7668393782383419	acc@10: 0.8371576609918578	acc@20: 0.917098445595855
[2023-05-21 14:13:42 INFO]************************  Training epoch: 3/360  ************************
[2023-05-21 14:13:42 INFO]Current epoch's mean loss: 14.14745376326821		lr: 0.001
[2023-05-21 14:13:44 INFO]================================ Testing ================================
[2023-05-21 14:13:46 INFO][POI]acc@1: 0.047372316802368614	acc@5: 0.12435233160621761	acc@10: 0.16284233900814213	acc@20: 0.19837157660991858
[2023-05-21 14:13:46 INFO][category]acc@1: 0.1857883049592894	acc@5: 0.37231680236861586	acc@10: 0.4996299037749815	acc@20: 0.6299037749814952
[2023-05-21 14:13:46 INFO][coordinate]acc@1: 0.5595854922279793	acc@5: 0.8238341968911918	acc@10: 0.8919319022945966	acc@20: 0.9555884529977794
[2023-05-21 14:14:24 INFO]************************  Training epoch: 4/360  ************************
[2023-05-21 14:14:24 INFO]Current epoch's mean loss: 12.693372336300937		lr: 0.001
[2023-05-21 14:14:27 INFO]================================ Testing ================================
[2023-05-21 14:14:29 INFO][POI]acc@1: 0.08142116950407106	acc@5: 0.19319022945965952	acc@10: 0.2457438934122872	acc@20: 0.29829755736491487
[2023-05-21 14:14:29 INFO][category]acc@1: 0.18652849740932642	acc@5: 0.385640266469282	acc@10: 0.5129533678756477	acc@20: 0.6284233900814211
[2023-05-21 14:14:29 INFO][coordinate]acc@1: 0.5810510732790526	acc@5: 0.8490007401924501	acc@10: 0.9104367135455218	acc@20: 0.9607698001480385
[2023-05-21 14:15:07 INFO]************************  Training epoch: 5/360  ************************
[2023-05-21 14:15:07 INFO]Current epoch's mean loss: 11.651199795983054		lr: 0.001
[2023-05-21 14:15:10 INFO]================================ Testing ================================
[2023-05-21 14:15:11 INFO][POI]acc@1: 0.11324944485566248	acc@5: 0.25832716506291636	acc@10: 0.3005181347150259	acc@20: 0.3471502590673575
[2023-05-21 14:15:12 INFO][category]acc@1: 0.18800888230940044	acc@5: 0.41080680977054035	acc@10: 0.5292376017764618	acc@20: 0.6402664692820134
[2023-05-21 14:15:12 INFO][coordinate]acc@1: 0.6054774241302738	acc@5: 0.8675055514433753	acc@10: 0.92079940784604	acc@20: 0.9711324944485566
[2023-05-21 14:15:49 INFO]************************  Training epoch: 6/360  ************************
[2023-05-21 14:15:49 INFO]Current epoch's mean loss: 10.767048749056729		lr: 0.001
[2023-05-21 14:15:52 INFO]================================ Testing ================================
[2023-05-21 14:15:54 INFO][POI]acc@1: 0.14655810510732792	acc@5: 0.29163582531458176	acc@10: 0.34863064396743154	acc@20: 0.40044411547002223
[2023-05-21 14:15:54 INFO][category]acc@1: 0.19837157660991858	acc@5: 0.44041450777202074	acc@10: 0.5455218356772761	acc@20: 0.6632124352331606
[2023-05-21 14:15:54 INFO][coordinate]acc@1: 0.6180606957809031	acc@5: 0.8867505551443375	acc@10: 0.9363434492968171	acc@20: 0.9740932642487047
[2023-05-21 14:16:32 INFO]************************  Training epoch: 7/360  ************************
[2023-05-21 14:16:32 INFO]Current epoch's mean loss: 10.070865739475597		lr: 0.001
[2023-05-21 14:16:35 INFO]================================ Testing ================================
[2023-05-21 14:16:37 INFO][POI]acc@1: 0.15766099185788304	acc@5: 0.34196891191709844	acc@10: 0.40562546262028126	acc@20: 0.45891931902294597
[2023-05-21 14:16:37 INFO][category]acc@1: 0.19096965210954847	acc@5: 0.4544781643227239	acc@10: 0.5655070318282753	acc@20: 0.6720947446336047
[2023-05-21 14:16:37 INFO][coordinate]acc@1: 0.6210214655810511	acc@5: 0.8904515173945226	acc@10: 0.9415247964470762	acc@20: 0.9800148038490007
[2023-05-21 14:17:15 INFO]************************  Training epoch: 8/360  ************************
[2023-05-21 14:17:15 INFO]Current epoch's mean loss: 9.437466317957098		lr: 0.001
[2023-05-21 14:17:17 INFO]================================ Testing ================================
[2023-05-21 14:17:19 INFO][POI]acc@1: 0.17098445595854922	acc@5: 0.3767579570688379	acc@10: 0.4478164322723908	acc@20: 0.49370836417468544
[2023-05-21 14:17:19 INFO][category]acc@1: 0.2005921539600296	acc@5: 0.46113989637305697	acc@10: 0.5825314581791265	acc@20: 0.691339748334567
[2023-05-21 14:17:19 INFO][coordinate]acc@1: 0.6262028127313102	acc@5: 0.8978534418948927	acc@10: 0.9504071058475203	acc@20: 0.9770540340488527
[2023-05-21 14:17:57 INFO]************************  Training epoch: 9/360  ************************
[2023-05-21 14:17:57 INFO]Current epoch's mean loss: 8.96352937004783		lr: 0.001
[2023-05-21 14:18:00 INFO]================================ Testing ================================
[2023-05-21 14:18:02 INFO][POI]acc@1: 0.19022945965951146	acc@5: 0.4071058475203553	acc@10: 0.48038490007401924	acc@20: 0.5351591413767579
[2023-05-21 14:18:02 INFO][category]acc@1: 0.20207253886010362	acc@5: 0.4670614359733531	acc@10: 0.5899333826794967	acc@20: 0.698741672834937
[2023-05-21 14:18:02 INFO][coordinate]acc@1: 0.616580310880829	acc@5: 0.9022945965951147	acc@10: 0.9548482605477424	acc@20: 0.9777942264988897
[2023-05-21 14:18:39 INFO]************************  Training epoch: 10/360  ************************
[2023-05-21 14:18:39 INFO]Current epoch's mean loss: 8.498191053217107		lr: 0.0009000000000000001
[2023-05-21 14:18:42 INFO]================================ Testing ================================
[2023-05-21 14:18:43 INFO][POI]acc@1: 0.1998519615099926	acc@5: 0.4219096965210955	acc@10: 0.5048112509252406	acc@20: 0.5632864544781643
[2023-05-21 14:18:43 INFO][category]acc@1: 0.2153960029607698	acc@5: 0.47668393782383417	acc@10: 0.6002960769800149	acc@20: 0.7076239822353811
[2023-05-21 14:18:44 INFO][coordinate]acc@1: 0.6284233900814211	acc@5: 0.9059955588452998	acc@10: 0.9585492227979274	acc@20: 0.9800148038490007
[2023-05-21 14:19:21 INFO]************************  Training epoch: 11/360  ************************
[2023-05-21 14:19:21 INFO]Current epoch's mean loss: 8.21609325842424		lr: 0.0009000000000000001
[2023-05-21 14:19:24 INFO]================================ Testing ================================
[2023-05-21 14:19:25 INFO][POI]acc@1: 0.1991117690599556	acc@5: 0.4374537379718727	acc@10: 0.5173945225758697	acc@20: 0.5692079940784603
[2023-05-21 14:19:25 INFO][category]acc@1: 0.21983715766099185	acc@5: 0.4877868245743893	acc@10: 0.612879348630644	acc@20: 0.7246484085862325
[2023-05-21 14:19:25 INFO][coordinate]acc@1: 0.6321243523316062	acc@5: 0.9119170984455959	acc@10: 0.9600296076980015	acc@20: 0.9822353811991118
[2023-05-21 14:20:03 INFO]************************  Training epoch: 12/360  ************************
[2023-05-21 14:20:03 INFO]Current epoch's mean loss: 7.958179668946699		lr: 0.0009000000000000001
[2023-05-21 14:20:06 INFO]================================ Testing ================================
[2023-05-21 14:20:07 INFO][POI]acc@1: 0.20503330866025166	acc@5: 0.4463360473723168	acc@10: 0.5255366395262768	acc@20: 0.5803108808290155
[2023-05-21 14:20:07 INFO][category]acc@1: 0.22205773501110287	acc@5: 0.4988897113249445	acc@10: 0.612139156180607	acc@20: 0.7276091783863805
[2023-05-21 14:20:08 INFO][coordinate]acc@1: 0.6284233900814211	acc@5: 0.9111769059955589	acc@10: 0.9622501850481125	acc@20: 0.9822353811991118
[2023-05-21 14:20:45 INFO]************************  Training epoch: 13/360  ************************
[2023-05-21 14:20:45 INFO]Current epoch's mean loss: 7.721378727392717		lr: 0.0009000000000000001
[2023-05-21 14:20:48 INFO]================================ Testing ================================
[2023-05-21 14:20:50 INFO][POI]acc@1: 0.21095484826054775	acc@5: 0.45817912657290893	acc@10: 0.5351591413767579	acc@20: 0.5936343449296817
[2023-05-21 14:20:50 INFO][category]acc@1: 0.23686158401184307	acc@5: 0.4996299037749815	acc@10: 0.6210214655810511	acc@20: 0.7387120651369357
[2023-05-21 14:20:50 INFO][coordinate]acc@1: 0.6269430051813472	acc@5: 0.9148778682457439	acc@10: 0.9644707623982235	acc@20: 0.9851961509992598
[2023-05-21 14:21:27 INFO]************************  Training epoch: 14/360  ************************
[2023-05-21 14:21:27 INFO]Current epoch's mean loss: 7.525208007205617		lr: 0.0009000000000000001
[2023-05-21 14:21:30 INFO]================================ Testing ================================
[2023-05-21 14:21:31 INFO][POI]acc@1: 0.2146558105107328	acc@5: 0.46484085862324204	acc@10: 0.5514433752775721	acc@20: 0.6032568467801629
[2023-05-21 14:21:31 INFO][category]acc@1: 0.231680236861584	acc@5: 0.5040710584752035	acc@10: 0.6232420429311621	acc@20: 0.7357512953367875
[2023-05-21 14:21:31 INFO][coordinate]acc@1: 0.6373056994818653	acc@5: 0.9163582531458179	acc@10: 0.9659511472982976	acc@20: 0.9859363434492968
[2023-05-21 14:22:09 INFO]************************  Training epoch: 15/360  ************************
[2023-05-21 14:22:09 INFO]Current epoch's mean loss: 7.370541659268466		lr: 0.0009000000000000001
[2023-05-21 14:22:12 INFO]================================ Testing ================================
[2023-05-21 14:22:13 INFO][POI]acc@1: 0.22279792746113988	acc@5: 0.4811250925240563	acc@10: 0.5603256846780162	acc@20: 0.6173205033308661
[2023-05-21 14:22:13 INFO][category]acc@1: 0.231680236861584	acc@5: 0.4996299037749815	acc@10: 0.6210214655810511	acc@20: 0.7350111028867505
[2023-05-21 14:22:14 INFO][coordinate]acc@1: 0.6202812731310141	acc@5: 0.92079940784604	acc@10: 0.9674315321983715	acc@20: 0.9874167283493709
[2023-05-21 14:22:51 INFO]************************  Training epoch: 16/360  ************************
[2023-05-21 14:22:51 INFO]Current epoch's mean loss: 7.211567347699946		lr: 0.0009000000000000001
[2023-05-21 14:22:53 INFO]================================ Testing ================================
[2023-05-21 14:22:55 INFO][POI]acc@1: 0.231680236861584	acc@5: 0.47668393782383417	acc@10: 0.5595854922279793	acc@20: 0.6239822353811991
[2023-05-21 14:22:55 INFO][category]acc@1: 0.24426350851221318	acc@5: 0.5107327905255367	acc@10: 0.6306439674315322	acc@20: 0.7409326424870466
[2023-05-21 14:22:55 INFO][coordinate]acc@1: 0.6350851221317543	acc@5: 0.921539600296077	acc@10: 0.9689119170984456	acc@20: 0.9874167283493709
[2023-05-21 14:23:33 INFO]************************  Training epoch: 17/360  ************************
[2023-05-21 14:23:33 INFO]Current epoch's mean loss: 7.0775240009481255		lr: 0.0009000000000000001
[2023-05-21 14:23:36 INFO]================================ Testing ================================
[2023-05-21 14:23:37 INFO][POI]acc@1: 0.22427831236121393	acc@5: 0.4789045151739452	acc@10: 0.5655070318282753	acc@20: 0.6269430051813472
[2023-05-21 14:23:38 INFO][category]acc@1: 0.24278312361213916	acc@5: 0.5122131754256106	acc@10: 0.6358253145817913	acc@20: 0.7475943745373798
[2023-05-21 14:23:38 INFO][coordinate]acc@1: 0.6299037749814952	acc@5: 0.923760177646188	acc@10: 0.9681717246484086	acc@20: 0.9859363434492968
[2023-05-21 14:24:16 INFO]************************  Training epoch: 18/360  ************************
[2023-05-21 14:24:16 INFO]Current epoch's mean loss: 6.907645312222567		lr: 0.0009000000000000001
[2023-05-21 14:24:19 INFO]================================ Testing ================================
[2023-05-21 14:24:20 INFO][POI]acc@1: 0.230940044411547	acc@5: 0.4863064396743153	acc@10: 0.5721687638786085	acc@20: 0.6380458919319023
[2023-05-21 14:24:20 INFO][category]acc@1: 0.24796447076239822	acc@5: 0.5188749074759438	acc@10: 0.6358253145817913	acc@20: 0.7453737971872687
[2023-05-21 14:24:21 INFO][coordinate]acc@1: 0.6343449296817173	acc@5: 0.924500370096225	acc@10: 0.9689119170984456	acc@20: 0.9874167283493709
[2023-05-21 14:24:58 INFO]************************  Training epoch: 19/360  ************************
[2023-05-21 14:24:58 INFO]Current epoch's mean loss: 6.812305342067372		lr: 0.0009000000000000001
[2023-05-21 14:25:00 INFO]================================ Testing ================================
[2023-05-21 14:25:02 INFO][POI]acc@1: 0.22871946706143598	acc@5: 0.4914877868245744	acc@10: 0.5795706883789785	acc@20: 0.6417468541820873
[2023-05-21 14:25:02 INFO][category]acc@1: 0.2561065877128053	acc@5: 0.5247964470762398	acc@10: 0.6365655070318282	acc@20: 0.7483345669874167
[2023-05-21 14:25:02 INFO][coordinate]acc@1: 0.6365655070318282	acc@5: 0.9289415247964471	acc@10: 0.9674315321983715	acc@20: 0.9896373056994818
[2023-05-21 14:25:40 INFO]************************  Training epoch: 20/360  ************************
[2023-05-21 14:25:40 INFO]Current epoch's mean loss: 6.682632056149569		lr: 0.0008100000000000001
[2023-05-21 14:25:44 INFO]================================ Testing ================================
[2023-05-21 14:25:45 INFO][POI]acc@1: 0.23242042931162102	acc@5: 0.4863064396743153	acc@10: 0.5780903034789046	acc@20: 0.6454478164322723
[2023-05-21 14:25:45 INFO][category]acc@1: 0.25684678016284235	acc@5: 0.5284974093264249	acc@10: 0.6350851221317543	acc@20: 0.7409326424870466
[2023-05-21 14:25:46 INFO][coordinate]acc@1: 0.6373056994818653	acc@5: 0.9311621021465581	acc@10: 0.9681717246484086	acc@20: 0.9896373056994818
[2023-05-21 14:26:24 INFO]************************  Training epoch: 21/360  ************************
[2023-05-21 14:26:24 INFO]Current epoch's mean loss: 6.55463935028423		lr: 0.0008100000000000001
[2023-05-21 14:26:27 INFO]================================ Testing ================================
[2023-05-21 14:26:28 INFO][POI]acc@1: 0.230940044411547	acc@5: 0.5018504811250926	acc@10: 0.5847520355292376	acc@20: 0.6535899333826795
[2023-05-21 14:26:28 INFO][category]acc@1: 0.25906735751295334	acc@5: 0.5321983715766099	acc@10: 0.6439674315321984	acc@20: 0.7490747594374537
[2023-05-21 14:26:29 INFO][coordinate]acc@1: 0.6424870466321243	acc@5: 0.930421909696521	acc@10: 0.9674315321983715	acc@20: 0.9903774981495189
[2023-05-21 14:27:06 INFO]************************  Training epoch: 22/360  ************************
[2023-05-21 14:27:06 INFO]Current epoch's mean loss: 6.5678581541234795		lr: 0.0008100000000000001
[2023-05-21 14:27:09 INFO]================================ Testing ================================
[2023-05-21 14:27:10 INFO][POI]acc@1: 0.23612139156180606	acc@5: 0.49222797927461137	acc@10: 0.5840118430792006	acc@20: 0.6528497409326425
[2023-05-21 14:27:10 INFO][category]acc@1: 0.25832716506291636	acc@5: 0.5351591413767579	acc@10: 0.6432272390821614	acc@20: 0.7431532198371577
[2023-05-21 14:27:11 INFO][coordinate]acc@1: 0.6410066617320503	acc@5: 0.9289415247964471	acc@10: 0.9703923019985197	acc@20: 0.9903774981495189
[2023-05-21 14:27:48 INFO]************************  Training epoch: 23/360  ************************
[2023-05-21 14:27:48 INFO]Current epoch's mean loss: 6.447566530921242		lr: 0.0008100000000000001
[2023-05-21 14:27:51 INFO]================================ Testing ================================
[2023-05-21 14:27:53 INFO][POI]acc@1: 0.231680236861584	acc@5: 0.49592894152479644	acc@10: 0.5862324204293117	acc@20: 0.6617320503330866
[2023-05-21 14:27:53 INFO][category]acc@1: 0.26424870466321243	acc@5: 0.5299777942264989	acc@10: 0.6535899333826795	acc@20: 0.7527757216876387
[2023-05-21 14:27:53 INFO][coordinate]acc@1: 0.6350851221317543	acc@5: 0.9296817172464841	acc@10: 0.9681717246484086	acc@20: 0.9881569207994079
[2023-05-21 14:28:31 INFO]************************  Training epoch: 24/360  ************************
[2023-05-21 14:28:31 INFO]Current epoch's mean loss: 6.362978306683627		lr: 0.0008100000000000001
[2023-05-21 14:28:34 INFO]================================ Testing ================================
[2023-05-21 14:28:36 INFO][POI]acc@1: 0.23390081421169504	acc@5: 0.5055514433752776	acc@10: 0.5943745373797187	acc@20: 0.6639526276831976
[2023-05-21 14:28:36 INFO][category]acc@1: 0.26202812731310143	acc@5: 0.537379718726869	acc@10: 0.6447076239822354	acc@20: 0.7446336047372317
[2023-05-21 14:28:36 INFO][coordinate]acc@1: 0.6432272390821614	acc@5: 0.9311621021465581	acc@10: 0.9711324944485566	acc@20: 0.9888971132494448
[2023-05-21 14:29:14 INFO]************************  Training epoch: 25/360  ************************
[2023-05-21 14:29:14 INFO]Current epoch's mean loss: 6.331805738535794		lr: 0.0008100000000000001
[2023-05-21 14:29:16 INFO]================================ Testing ================================
[2023-05-21 14:29:18 INFO][POI]acc@1: 0.23982235381199113	acc@5: 0.5003700962250185	acc@10: 0.5936343449296817	acc@20: 0.6646928201332346
[2023-05-21 14:29:18 INFO][category]acc@1: 0.25758697261287933	acc@5: 0.5418208734270911	acc@10: 0.6528497409326425	acc@20: 0.7468541820873427
[2023-05-21 14:29:18 INFO][coordinate]acc@1: 0.6365655070318282	acc@5: 0.9296817172464841	acc@10: 0.9711324944485566	acc@20: 0.9896373056994818
[2023-05-21 14:29:58 INFO]************************  Training epoch: 26/360  ************************
[2023-05-21 14:29:58 INFO]Current epoch's mean loss: 6.262031316757202		lr: 0.0008100000000000001
[2023-05-21 14:30:00 INFO]================================ Testing ================================
[2023-05-21 14:30:02 INFO][POI]acc@1: 0.23316062176165803	acc@5: 0.5003700962250185	acc@10: 0.5914137675795706	acc@20: 0.6676535899333826
[2023-05-21 14:30:02 INFO][category]acc@1: 0.27091043671354553	acc@5: 0.5381199111769059	acc@10: 0.6454478164322723	acc@20: 0.7505551443375278
[2023-05-21 14:30:02 INFO][coordinate]acc@1: 0.6380458919319023	acc@5: 0.9282013323464101	acc@10: 0.9681717246484086	acc@20: 0.9896373056994818
[2023-05-21 14:30:39 INFO]************************  Training epoch: 27/360  ************************
[2023-05-21 14:30:39 INFO]Current epoch's mean loss: 6.24399547143416		lr: 0.0008100000000000001
[2023-05-21 14:30:42 INFO]================================ Testing ================================
[2023-05-21 14:30:44 INFO][POI]acc@1: 0.24130273871206515	acc@5: 0.5077720207253886	acc@10: 0.5958549222797928	acc@20: 0.6698741672834937
[2023-05-21 14:30:44 INFO][category]acc@1: 0.26424870466321243	acc@5: 0.5447816432272391	acc@10: 0.6513693560325685	acc@20: 0.7498149518874907
[2023-05-21 14:30:44 INFO][coordinate]acc@1: 0.6439674315321984	acc@5: 0.9326424870466321	acc@10: 0.9711324944485566	acc@20: 0.9896373056994818
[2023-05-21 14:31:22 INFO]************************  Training epoch: 28/360  ************************
[2023-05-21 14:31:22 INFO]Current epoch's mean loss: 6.101134365255183		lr: 0.0008100000000000001
[2023-05-21 14:31:25 INFO]================================ Testing ================================
[2023-05-21 14:31:27 INFO][POI]acc@1: 0.23982235381199113	acc@5: 0.5062916358253146	acc@10: 0.5936343449296817	acc@20: 0.6669133974833457
[2023-05-21 14:31:27 INFO][category]acc@1: 0.2686898593634345	acc@5: 0.5529237601776462	acc@10: 0.6535899333826795	acc@20: 0.7505551443375278
[2023-05-21 14:31:27 INFO][coordinate]acc@1: 0.6410066617320503	acc@5: 0.9282013323464101	acc@10: 0.9711324944485566	acc@20: 0.9896373056994818
[2023-05-21 14:32:05 INFO]************************  Training epoch: 29/360  ************************
[2023-05-21 14:32:05 INFO]Current epoch's mean loss: 6.079458605159413		lr: 0.0008100000000000001
[2023-05-21 14:32:08 INFO]================================ Testing ================================
[2023-05-21 14:32:09 INFO][POI]acc@1: 0.23908216136195412	acc@5: 0.5062916358253146	acc@10: 0.5936343449296817	acc@20: 0.6720947446336047
[2023-05-21 14:32:10 INFO][category]acc@1: 0.26498889711324947	acc@5: 0.5462620281273131	acc@10: 0.6572908956328646	acc@20: 0.7490747594374537
[2023-05-21 14:32:10 INFO][coordinate]acc@1: 0.6402664692820134	acc@5: 0.9289415247964471	acc@10: 0.9696521095484826	acc@20: 0.9911176905995559
[2023-05-21 14:32:47 INFO]************************  Training epoch: 30/360  ************************
[2023-05-21 14:32:47 INFO]Current epoch's mean loss: 6.0159536166624585		lr: 0.000729
[2023-05-21 14:32:50 INFO]================================ Testing ================================
[2023-05-21 14:32:52 INFO][POI]acc@1: 0.23982235381199113	acc@5: 0.5092524056254626	acc@10: 0.5914137675795706	acc@20: 0.6728349370836417
[2023-05-21 14:32:52 INFO][category]acc@1: 0.2664692820133235	acc@5: 0.5536639526276832	acc@10: 0.6602516654330126	acc@20: 0.7505551443375278
[2023-05-21 14:32:52 INFO][coordinate]acc@1: 0.6358253145817913	acc@5: 0.927461139896373	acc@10: 0.9696521095484826	acc@20: 0.9903774981495189
[2023-05-21 14:33:29 INFO]************************  Training epoch: 31/360  ************************
[2023-05-21 14:33:29 INFO]Current epoch's mean loss: 5.960253802212802		lr: 0.000729
[2023-05-21 14:33:32 INFO]================================ Testing ================================
[2023-05-21 14:33:33 INFO][POI]acc@1: 0.23686158401184307	acc@5: 0.5092524056254626	acc@10: 0.5973353071798667	acc@20: 0.6713545521835678
[2023-05-21 14:33:33 INFO][category]acc@1: 0.2701702442635085	acc@5: 0.5573649148778682	acc@10: 0.6558105107327905	acc@20: 0.7512953367875648
[2023-05-21 14:33:33 INFO][coordinate]acc@1: 0.6380458919319023	acc@5: 0.930421909696521	acc@10: 0.9711324944485566	acc@20: 0.9903774981495189
[2023-05-21 14:34:12 INFO]************************  Training epoch: 32/360  ************************
[2023-05-21 14:34:12 INFO]Current epoch's mean loss: 5.922406294129112		lr: 0.000729
[2023-05-21 14:34:15 INFO]================================ Testing ================================
[2023-05-21 14:34:17 INFO][POI]acc@1: 0.24204293116210215	acc@5: 0.5077720207253886	acc@10: 0.5965951147298297	acc@20: 0.6765358993338267
[2023-05-21 14:34:17 INFO][category]acc@1: 0.2768319763138416	acc@5: 0.5536639526276832	acc@10: 0.6565507031828275	acc@20: 0.7512953367875648
[2023-05-21 14:34:17 INFO][coordinate]acc@1: 0.6410066617320503	acc@5: 0.9296817172464841	acc@10: 0.9726128793486306	acc@20: 0.9888971132494448
[2023-05-21 14:34:55 INFO]************************  Training epoch: 33/360  ************************
[2023-05-21 14:34:55 INFO]Current epoch's mean loss: 5.904978221113032		lr: 0.000729
[2023-05-21 14:34:58 INFO]================================ Testing ================================
[2023-05-21 14:34:59 INFO][POI]acc@1: 0.23390081421169504	acc@5: 0.5122131754256106	acc@10: 0.6010362694300518	acc@20: 0.6728349370836417
[2023-05-21 14:34:59 INFO][category]acc@1: 0.27313101406365653	acc@5: 0.5529237601776462	acc@10: 0.6580310880829016	acc@20: 0.7490747594374537
[2023-05-21 14:35:00 INFO][coordinate]acc@1: 0.6387860843819393	acc@5: 0.9326424870466321	acc@10: 0.9703923019985197	acc@20: 0.9903774981495189
[2023-05-21 14:35:37 INFO]************************  Training epoch: 34/360  ************************
[2023-05-21 14:35:37 INFO]Current epoch's mean loss: 5.856701374053955		lr: 0.000729
[2023-05-21 14:35:40 INFO]================================ Testing ================================
[2023-05-21 14:35:41 INFO][POI]acc@1: 0.23390081421169504	acc@5: 0.5122131754256106	acc@10: 0.6002960769800149	acc@20: 0.6720947446336047
[2023-05-21 14:35:41 INFO][category]acc@1: 0.26424870466321243	acc@5: 0.5618060695780903	acc@10: 0.6609918578830496	acc@20: 0.7498149518874907
[2023-05-21 14:35:41 INFO][coordinate]acc@1: 0.6350851221317543	acc@5: 0.9326424870466321	acc@10: 0.9711324944485566	acc@20: 0.9888971132494448
[2023-05-21 14:36:19 INFO]************************  Training epoch: 35/360  ************************
[2023-05-21 14:36:19 INFO]Current epoch's mean loss: 5.7856197573921895		lr: 0.000729
[2023-05-21 14:36:22 INFO]================================ Testing ================================
[2023-05-21 14:36:23 INFO][POI]acc@1: 0.23538119911176905	acc@5: 0.5166543301258327	acc@10: 0.6062176165803109	acc@20: 0.6787564766839378
[2023-05-21 14:36:24 INFO][category]acc@1: 0.2627683197631384	acc@5: 0.5573649148778682	acc@10: 0.6587712805329385	acc@20: 0.7542561065877128
[2023-05-21 14:36:24 INFO][coordinate]acc@1: 0.6387860843819393	acc@5: 0.9319022945965951	acc@10: 0.9718726868985936	acc@20: 0.9888971132494448
[2023-05-21 14:37:01 INFO]************************  Training epoch: 36/360  ************************
[2023-05-21 14:37:01 INFO]Current epoch's mean loss: 5.75419907136397		lr: 0.000729
[2023-05-21 14:37:04 INFO]================================ Testing ================================
[2023-05-21 14:37:05 INFO][POI]acc@1: 0.24056254626202814	acc@5: 0.5114729829755736	acc@10: 0.6032568467801629	acc@20: 0.6772760917838638
[2023-05-21 14:37:05 INFO][category]acc@1: 0.2768319763138416	acc@5: 0.5595854922279793	acc@10: 0.6602516654330126	acc@20: 0.7572168763878608
[2023-05-21 14:37:05 INFO][coordinate]acc@1: 0.6365655070318282	acc@5: 0.9319022945965951	acc@10: 0.9726128793486306	acc@20: 0.9903774981495189
[2023-05-21 14:37:42 INFO]************************  Training epoch: 37/360  ************************
[2023-05-21 14:37:42 INFO]Current epoch's mean loss: 5.738402074033564		lr: 0.000729
[2023-05-21 14:37:45 INFO]================================ Testing ================================
[2023-05-21 14:37:47 INFO][POI]acc@1: 0.23760177646188008	acc@5: 0.5151739452257587	acc@10: 0.6025166543301258	acc@20: 0.6757957068837898
[2023-05-21 14:37:47 INFO][category]acc@1: 0.2701702442635085	acc@5: 0.5551443375277573	acc@10: 0.6595114729829755	acc@20: 0.7461139896373057
[2023-05-21 14:37:47 INFO][coordinate]acc@1: 0.6343449296817173	acc@5: 0.9319022945965951	acc@10: 0.9718726868985936	acc@20: 0.9896373056994818
[2023-05-21 14:38:24 INFO]************************  Training epoch: 38/360  ************************
[2023-05-21 14:38:24 INFO]Current epoch's mean loss: 5.700919617306102		lr: 0.000729
[2023-05-21 14:38:27 INFO]================================ Testing ================================
[2023-05-21 14:38:29 INFO][POI]acc@1: 0.23390081421169504	acc@5: 0.5129533678756477	acc@10: 0.6002960769800149	acc@20: 0.6780162842339008
[2023-05-21 14:38:29 INFO][category]acc@1: 0.27905255366395265	acc@5: 0.5625462620281273	acc@10: 0.6587712805329385	acc@20: 0.7623982235381199
[2023-05-21 14:38:29 INFO][coordinate]acc@1: 0.6328645447816432	acc@5: 0.9333826794966691	acc@10: 0.9733530717986677	acc@20: 0.9903774981495189
[2023-05-21 14:39:07 INFO]************************  Training epoch: 39/360  ************************
[2023-05-21 14:39:07 INFO]Current epoch's mean loss: 5.685440551150929		lr: 0.000729
[2023-05-21 14:39:10 INFO]================================ Testing ================================
[2023-05-21 14:39:11 INFO][POI]acc@1: 0.23464100666173204	acc@5: 0.5092524056254626	acc@10: 0.6039970392301999	acc@20: 0.6757957068837898
[2023-05-21 14:39:12 INFO][category]acc@1: 0.2679496669133975	acc@5: 0.5551443375277573	acc@10: 0.6602516654330126	acc@20: 0.7535159141376758
[2023-05-21 14:39:12 INFO][coordinate]acc@1: 0.6380458919319023	acc@5: 0.9348630643967432	acc@10: 0.9703923019985197	acc@20: 0.9903774981495189
[2023-05-21 14:39:51 INFO]************************  Training epoch: 40/360  ************************
[2023-05-21 14:39:51 INFO]Current epoch's mean loss: 5.652972156351263		lr: 0.0006561000000000001
[2023-05-21 14:39:54 INFO]================================ Testing ================================
[2023-05-21 14:39:56 INFO][POI]acc@1: 0.23242042931162102	acc@5: 0.5055514433752776	acc@10: 0.6025166543301258	acc@20: 0.6728349370836417
[2023-05-21 14:39:56 INFO][category]acc@1: 0.27239082161361955	acc@5: 0.5647668393782384	acc@10: 0.6713545521835678	acc@20: 0.7586972612879349
[2023-05-21 14:39:56 INFO][coordinate]acc@1: 0.6373056994818653	acc@5: 0.9333826794966691	acc@10: 0.9726128793486306	acc@20: 0.9903774981495189
[2023-05-21 14:40:36 INFO]************************  Training epoch: 41/360  ************************
[2023-05-21 14:40:36 INFO]Current epoch's mean loss: 5.610820586031133		lr: 0.0006561000000000001
[2023-05-21 14:40:38 INFO]================================ Testing ================================
[2023-05-21 14:40:40 INFO][POI]acc@1: 0.23908216136195412	acc@5: 0.5107327905255367	acc@10: 0.6039970392301999	acc@20: 0.6750555144337528
[2023-05-21 14:40:40 INFO][category]acc@1: 0.2701702442635085	acc@5: 0.5566247224278312	acc@10: 0.6572908956328646	acc@20: 0.7520355292376018
[2023-05-21 14:40:40 INFO][coordinate]acc@1: 0.6439674315321984	acc@5: 0.9348630643967432	acc@10: 0.9703923019985197	acc@20: 0.9903774981495189
[2023-05-21 14:41:18 INFO]************************  Training epoch: 42/360  ************************
[2023-05-21 14:41:18 INFO]Current epoch's mean loss: 5.555583542043513		lr: 0.0006561000000000001
[2023-05-21 14:41:20 INFO]================================ Testing ================================
[2023-05-21 14:41:22 INFO][POI]acc@1: 0.22945965951147299	acc@5: 0.5025906735751295	acc@10: 0.6010362694300518	acc@20: 0.6743153219837158
[2023-05-21 14:41:22 INFO][category]acc@1: 0.27905255366395265	acc@5: 0.5647668393782384	acc@10: 0.6632124352331606	acc@20: 0.7579570688378978
[2023-05-21 14:41:22 INFO][coordinate]acc@1: 0.6299037749814952	acc@5: 0.9341228719467062	acc@10: 0.9726128793486306	acc@20: 0.9911176905995559
[2023-05-21 14:42:00 INFO]************************  Training epoch: 43/360  ************************
[2023-05-21 14:42:00 INFO]Current epoch's mean loss: 5.521738507530906		lr: 0.0006561000000000001
[2023-05-21 14:42:02 INFO]================================ Testing ================================
[2023-05-21 14:42:04 INFO][POI]acc@1: 0.22871946706143598	acc@5: 0.5033308660251665	acc@10: 0.6002960769800149	acc@20: 0.6750555144337528
[2023-05-21 14:42:04 INFO][category]acc@1: 0.2701702442635085	acc@5: 0.5655070318282753	acc@10: 0.6713545521835678	acc@20: 0.7623982235381199
[2023-05-21 14:42:04 INFO][coordinate]acc@1: 0.6336047372316802	acc@5: 0.9363434492968171	acc@10: 0.9718726868985936	acc@20: 0.9896373056994818
[2023-05-21 14:42:40 INFO]************************  Training epoch: 44/360  ************************
[2023-05-21 14:42:40 INFO]Current epoch's mean loss: 5.514204968105663		lr: 0.0006561000000000001
[2023-05-21 14:42:43 INFO]================================ Testing ================================
[2023-05-21 14:42:45 INFO][POI]acc@1: 0.231680236861584	acc@5: 0.5070318282753515	acc@10: 0.5995558845299778	acc@20: 0.6772760917838638
[2023-05-21 14:42:45 INFO][category]acc@1: 0.2834937083641747	acc@5: 0.5677276091783864	acc@10: 0.6632124352331606	acc@20: 0.7609178386380459
[2023-05-21 14:42:45 INFO][coordinate]acc@1: 0.6410066617320503	acc@5: 0.9341228719467062	acc@10: 0.9696521095484826	acc@20: 0.9903774981495189
[2023-05-21 14:43:24 INFO]************************  Training epoch: 45/360  ************************
[2023-05-21 14:43:24 INFO]Current epoch's mean loss: 5.471526026725769		lr: 0.0006561000000000001
[2023-05-21 14:43:26 INFO]================================ Testing ================================
[2023-05-21 14:43:28 INFO][POI]acc@1: 0.231680236861584	acc@5: 0.5055514433752776	acc@10: 0.6002960769800149	acc@20: 0.6772760917838638
[2023-05-21 14:43:28 INFO][category]acc@1: 0.27091043671354553	acc@5: 0.5618060695780903	acc@10: 0.6706143597335307	acc@20: 0.7594374537379719
[2023-05-21 14:43:28 INFO][coordinate]acc@1: 0.6365655070318282	acc@5: 0.9370836417468542	acc@10: 0.9696521095484826	acc@20: 0.9911176905995559
[2023-05-21 14:44:05 INFO]************************  Training epoch: 46/360  ************************
[2023-05-21 14:44:05 INFO]Current epoch's mean loss: 5.415517850355669		lr: 0.0006561000000000001
[2023-05-21 14:44:08 INFO]================================ Testing ================================
[2023-05-21 14:44:09 INFO][POI]acc@1: 0.23538119911176905	acc@5: 0.5055514433752776	acc@10: 0.5980754996299038	acc@20: 0.6706143597335307
[2023-05-21 14:44:09 INFO][category]acc@1: 0.27757216876387864	acc@5: 0.5743893412287194	acc@10: 0.6720947446336047	acc@20: 0.7623982235381199
[2023-05-21 14:44:10 INFO][coordinate]acc@1: 0.6417468541820873	acc@5: 0.9356032568467801	acc@10: 0.9703923019985197	acc@20: 0.9903774981495189
[2023-05-21 14:44:48 INFO]************************  Training epoch: 47/360  ************************
[2023-05-21 14:44:48 INFO]Current epoch's mean loss: 5.417815923690796		lr: 0.0006561000000000001
[2023-05-21 14:44:51 INFO]================================ Testing ================================
[2023-05-21 14:44:52 INFO][POI]acc@1: 0.23390081421169504	acc@5: 0.5070318282753515	acc@10: 0.6017764618800888	acc@20: 0.6728349370836417
[2023-05-21 14:44:52 INFO][category]acc@1: 0.2753515914137676	acc@5: 0.5677276091783864	acc@10: 0.6669133974833457	acc@20: 0.7616580310880829
[2023-05-21 14:44:53 INFO][coordinate]acc@1: 0.6447076239822354	acc@5: 0.9333826794966691	acc@10: 0.9711324944485566	acc@20: 0.9896373056994818
