[2023-05-03 11:23:02 INFO]
TreeLSTM(
  (user_embedding): Embedding(1047, 128)
  (POI_embedding): Embedding(4980, 128)
  (cat_embedding): Embedding(318, 32)
  (l1): SineActivation()
  (dropout): Dropout(p=0.5, inplace=False)
  (cell): TreeLSTMCell(
    (W_f): Linear(in_features=320, out_features=128, bias=False)
    (W_iou): Linear(in_features=320, out_features=384, bias=False)
    (U_f): Linear(in_features=384, out_features=384, bias=False)
    (U_iou): Linear(in_features=384, out_features=384, bias=False)
  )
  (decoder_POI): Linear(in_features=128, out_features=4980, bias=True)
  (decoder_time): Linear(in_features=128, out_features=1, bias=True)
  (decoder_cat): Linear(in_features=128, out_features=318, bias=True)
)
[2023-05-03 11:28:44 INFO]************************  Training epoch: 1/200  ************************
[2023-05-03 11:28:44 INFO]Current epoch's mean loss: 14.09466337327183
[2023-05-03 11:28:44 INFO]acc@1: 0.005047481245864192	acc@5: 0.01901358936822412	acc@10: 0.02982619987096406	acc@20: 0.045691558868753576	mrr: 0.0	mAP: 0.0
[2023-05-03 11:29:11 INFO]---------------------------- validation ----------------------------
[2023-05-03 11:29:11 INFO]Mean loss: 13.223519002325009
[2023-05-03 11:29:11 INFO]acc@1: 0.006017093125477564	acc@5: 0.020812881913148226	acc@10: 0.03805991218788722	acc@20: 0.06390119121972251	mrr: 0.0	mAP: 0.0

[2023-05-03 11:29:39 INFO]================================ Testing ================================
[2023-05-03 11:29:39 INFO]Loss: 13.161130718435897
[2023-05-03 11:29:39 INFO]acc@1: 0.0069380505463346835	acc@5: 0.023019564049512362	acc@10: 0.03465458184598858	acc@20: 0.06334491158977869	mrr: 0.0	mAP: 0.0

[2023-05-03 11:34:41 INFO]************************  Training epoch: 2/200  ************************
[2023-05-03 11:34:41 INFO]Current epoch's mean loss: 12.875740746623116
[2023-05-03 11:34:41 INFO]acc@1: 0.012476506536349267	acc@5: 0.039922759722932105	acc@10: 0.06341607266021196	acc@20: 0.10081947699154406	mrr: 0.0	mAP: 0.0
[2023-05-03 11:35:03 INFO]---------------------------- validation ----------------------------
[2023-05-03 11:35:03 INFO]Mean loss: 12.729880675917943
[2023-05-03 11:35:03 INFO]acc@1: 0.025681636301424206	acc@5: 0.057454619189371135	acc@10: 0.08886762031421568	acc@20: 0.1286887303657982	mrr: 0.0	mAP: 0.0

[2023-05-03 11:35:25 INFO]================================ Testing ================================
[2023-05-03 11:35:25 INFO]Loss: 12.63351309376808
[2023-05-03 11:35:25 INFO]acc@1: 0.024188331128487638	acc@5: 0.0653083406211865	acc@10: 0.09996473516626599	acc@20: 0.1475845533130473	mrr: 0.0	mAP: 0.0

[2023-05-03 11:39:59 INFO]************************  Training epoch: 3/200  ************************
[2023-05-03 11:39:59 INFO]Current epoch's mean loss: 12.206882659055667
[2023-05-03 11:39:59 INFO]acc@1: 0.036492191354978366	acc@5: 0.10643455242557268	acc@10: 0.15207254136200393	acc@20: 0.2061076765671163	mrr: 0.0	mAP: 0.0
[2023-05-03 11:40:21 INFO]---------------------------- validation ----------------------------
[2023-05-03 11:40:21 INFO]Mean loss: 12.083636163131624
[2023-05-03 11:40:21 INFO]acc@1: 0.05153786924521563	acc@5: 0.13399505780157425	acc@10: 0.1901734575210336	acc@20: 0.23917753820051668	mrr: 0.0	mAP: 0.0

[2023-05-03 11:40:44 INFO]================================ Testing ================================
[2023-05-03 11:40:44 INFO]Loss: 11.937507439425678
[2023-05-03 11:40:44 INFO]acc@1: 0.05355518594844863	acc@5: 0.14685174790725156	acc@10: 0.21010561304749525	acc@20: 0.2635843016749671	mrr: 0.0	mAP: 0.0

[2023-05-03 11:46:08 INFO]************************  Training epoch: 4/200  ************************
[2023-05-03 11:46:08 INFO]Current epoch's mean loss: 11.444463017998924
[2023-05-03 11:46:08 INFO]acc@1: 0.07068493429938294	acc@5: 0.19628751639721162	acc@10: 0.2644447405025512	acc@20: 0.33112057958078706	mrr: 0.0	mAP: 0.0
[2023-05-03 11:46:34 INFO]---------------------------- validation ----------------------------
[2023-05-03 11:46:34 INFO]Mean loss: 11.425964266362282
[2023-05-03 11:46:34 INFO]acc@1: 0.08571342152616349	acc@5: 0.21250234718189304	acc@10: 0.2749136332279293	acc@20: 0.3293192835550235	mrr: 0.0	mAP: 0.0

[2023-05-03 11:46:53 INFO]================================ Testing ================================
[2023-05-03 11:46:53 INFO]Loss: 11.26751059097404
[2023-05-03 11:46:53 INFO]acc@1: 0.09300190501501143	acc@5: 0.23942398440364024	acc@10: 0.30950312274385067	acc@20: 0.3635936301402009	mrr: 0.0	mAP: 0.0

[2023-05-03 11:52:16 INFO]************************  Training epoch: 5/200  ************************
[2023-05-03 11:52:16 INFO]Current epoch's mean loss: 10.819313281372251
[2023-05-03 11:52:16 INFO]acc@1: 0.0979439768233717	acc@5: 0.27000051586910323	acc@10: 0.3524899651313772	acc@20: 0.4253679869556942	mrr: 0.0	mAP: 0.0
[2023-05-03 11:52:41 INFO]---------------------------- validation ----------------------------
[2023-05-03 11:52:41 INFO]Mean loss: 10.982729820022897
[2023-05-03 11:52:41 INFO]acc@1: 0.10276839495757481	acc@5: 0.25925576997001	acc@10: 0.33041558701419016	acc@20: 0.38991407308794857	mrr: 0.0	mAP: 0.0

[2023-05-03 11:53:06 INFO]================================ Testing ================================
[2023-05-03 11:53:06 INFO]Loss: 10.815312879827301
[2023-05-03 11:53:06 INFO]acc@1: 0.11462143426457957	acc@5: 0.2918039936188418	acc@10: 0.3663443864048043	acc@20: 0.42417928238917973	mrr: 0.0	mAP: 0.0

[2023-05-03 11:58:28 INFO]************************  Training epoch: 6/200  ************************
[2023-05-03 11:58:28 INFO]Current epoch's mean loss: 10.342730438721603
[2023-05-03 11:58:28 INFO]acc@1: 0.11826717102967516	acc@5: 0.3242189092346147	acc@10: 0.4170651037750229	acc@20: 0.4917284476591183	mrr: 0.0	mAP: 0.0
[2023-05-03 11:58:48 INFO]---------------------------- validation ----------------------------
[2023-05-03 11:58:48 INFO]Mean loss: 10.653283796833158
[2023-05-03 11:58:48 INFO]acc@1: 0.11750298426972089	acc@5: 0.29165643710452316	acc@10: 0.37005010469083266	acc@20: 0.4362993807211817	mrr: 0.0	mAP: 0.0

[2023-05-03 11:59:14 INFO]================================ Testing ================================
[2023-05-03 11:59:14 INFO]Loss: 10.511829048776498
[2023-05-03 11:59:14 INFO]acc@1: 0.11922772735366041	acc@5: 0.31981033757783855	acc@10: 0.4070476234786033	acc@20: 0.45664905134186534	mrr: 0.0	mAP: 0.0

[2023-05-03 12:03:50 INFO]************************  Training epoch: 7/200  ************************
[2023-05-03 12:03:50 INFO]Current epoch's mean loss: 10.017741503885544
[2023-05-03 12:03:50 INFO]acc@1: 0.13339523146510499	acc@5: 0.3602566033282122	acc@10: 0.45625391219671135	acc@20: 0.5355074208538237	mrr: 0.0	mAP: 0.0
[2023-05-03 12:04:11 INFO]---------------------------- validation ----------------------------
[2023-05-03 12:04:11 INFO]Mean loss: 10.407230280915012
[2023-05-03 12:04:11 INFO]acc@1: 0.12956763484531167	acc@5: 0.31734000212669966	acc@10: 0.4019563454810485	acc@20: 0.4616807793055231	mrr: 0.0	mAP: 0.0

[2023-05-03 12:04:31 INFO]================================ Testing ================================
[2023-05-03 12:04:31 INFO]Loss: 10.272532947535419
[2023-05-03 12:04:31 INFO]acc@1: 0.13198084950103034	acc@5: 0.3382233733316144	acc@10: 0.42785108035506975	acc@20: 0.4837003398368745	mrr: 0.0	mAP: 0.0

[2023-05-03 12:08:56 INFO]************************  Training epoch: 8/200  ************************
[2023-05-03 12:08:56 INFO]Current epoch's mean loss: 9.732001210955305
[2023-05-03 12:08:56 INFO]acc@1: 0.142863131124531	acc@5: 0.3886021401332791	acc@10: 0.4886719515986342	acc@20: 0.5674332339697241	mrr: 0.0	mAP: 0.0
[2023-05-03 12:09:14 INFO]---------------------------- validation ----------------------------
[2023-05-03 12:09:14 INFO]Mean loss: 10.224644395147262
[2023-05-03 12:09:14 INFO]acc@1: 0.12473100150702573	acc@5: 0.33553767957869385	acc@10: 0.4237837232328916	acc@20: 0.4872145134360397	mrr: 0.0	mAP: 0.0

[2023-05-03 12:09:31 INFO]================================ Testing ================================
[2023-05-03 12:09:31 INFO]Loss: 10.104988317426614
[2023-05-03 12:09:31 INFO]acc@1: 0.13209417448488664	acc@5: 0.34743806774889935	acc@10: 0.4416227066755595	acc@20: 0.5036574741865452	mrr: 0.0	mAP: 0.0

[2023-05-03 12:13:56 INFO]************************  Training epoch: 9/200  ************************
[2023-05-03 12:13:56 INFO]Current epoch's mean loss: 9.526418681419383
[2023-05-03 12:13:56 INFO]acc@1: 0.1503742629694987	acc@5: 0.405449877565442	acc@10: 0.5124210025718648	acc@20: 0.5924247497365978	mrr: 0.0	mAP: 0.0
[2023-05-03 12:14:15 INFO]---------------------------- validation ----------------------------
[2023-05-03 12:14:15 INFO]Mean loss: 10.090013227047965
[2023-05-03 12:14:15 INFO]acc@1: 0.13620408622864116	acc@5: 0.35389811489304784	acc@10: 0.4350366614317526	acc@20: 0.5065089089531631	mrr: 0.0	mAP: 0.0

[2023-05-03 12:14:34 INFO]================================ Testing ================================
[2023-05-03 12:14:34 INFO]Loss: 9.957365382910542
[2023-05-03 12:14:34 INFO]acc@1: 0.13727531165642362	acc@5: 0.3611568429975491	acc@10: 0.458926986879826	acc@20: 0.5223828918054686	mrr: 0.0	mAP: 0.0

[2023-05-03 12:18:39 INFO]************************  Training epoch: 10/200  ************************
[2023-05-03 12:18:39 INFO]Current epoch's mean loss: 9.335754449098003
[2023-05-03 12:18:39 INFO]acc@1: 0.15881495661107037	acc@5: 0.4249231607849224	acc@10: 0.5335552048819775	acc@20: 0.6139377911182741	mrr: 0.0	mAP: 0.0
[2023-05-03 12:18:58 INFO]---------------------------- validation ----------------------------
[2023-05-03 12:18:58 INFO]Mean loss: 9.951159210448964
[2023-05-03 12:18:58 INFO]acc@1: 0.13342202226577315	acc@5: 0.3508136784971829	acc@10: 0.44579470233875984	acc@20: 0.5317753904520186	mrr: 0.0	mAP: 0.0

[2023-05-03 12:19:22 INFO]================================ Testing ================================
[2023-05-03 12:19:22 INFO]Loss: 9.85388301364833
[2023-05-03 12:19:22 INFO]acc@1: 0.13729798506020893	acc@5: 0.35830086142598283	acc@10: 0.46431537106764637	acc@20: 0.5376751655929394	mrr: 0.0	mAP: 0.0

[2023-05-03 12:25:02 INFO]************************  Training epoch: 11/200  ************************
[2023-05-03 12:25:02 INFO]Current epoch's mean loss: 9.171581388301208
[2023-05-03 12:25:02 INFO]acc@1: 0.16248327693178033	acc@5: 0.4364817131479452	acc@10: 0.5469124970728634	acc@20: 0.6284604799428165	mrr: 0.0	mAP: 0.0
[2023-05-03 12:25:30 INFO]---------------------------- validation ----------------------------
[2023-05-03 12:25:30 INFO]Mean loss: 9.827613414569047
[2023-05-03 12:25:30 INFO]acc@1: 0.14031315788458576	acc@5: 0.36103596384024605	acc@10: 0.4642110854043868	acc@20: 0.5409230451995789	mrr: 0.0	mAP: 0.0

[2023-05-03 12:25:56 INFO]================================ Testing ================================
[2023-05-03 12:25:56 INFO]Loss: 9.737215026602653
[2023-05-03 12:25:56 INFO]acc@1: 0.1431186633892147	acc@5: 0.3748077000537126	acc@10: 0.4772932586542892	acc@20: 0.550013002962437	mrr: 0.0	mAP: 0.0

[2023-05-03 12:31:40 INFO]************************  Training epoch: 12/200  ************************
[2023-05-03 12:31:40 INFO]Current epoch's mean loss: 9.04920832702048
[2023-05-03 12:31:40 INFO]acc@1: 0.16755333693747482	acc@5: 0.4466319870597389	acc@10: 0.5583790638781104	acc@20: 0.6406013256128472	mrr: 0.0	mAP: 0.0
[2023-05-03 12:32:07 INFO]---------------------------- validation ----------------------------
[2023-05-03 12:32:07 INFO]Mean loss: 9.75235829029644
[2023-05-03 12:32:07 INFO]acc@1: 0.13705474061590842	acc@5: 0.3643786058108609	acc@10: 0.4721255684303275	acc@20: 0.5475195321796993	mrr: 0.0	mAP: 0.0

[2023-05-03 12:32:32 INFO]================================ Testing ================================
[2023-05-03 12:32:32 INFO]Loss: 9.668522980550852
[2023-05-03 12:32:32 INFO]acc@1: 0.13940273715549933	acc@5: 0.37715022323231945	acc@10: 0.4818505260371357	acc@20: 0.5565432965901851	mrr: 0.0	mAP: 0.0

[2023-05-03 12:38:01 INFO]************************  Training epoch: 13/200  ************************
[2023-05-03 12:38:01 INFO]Current epoch's mean loss: 8.935183804902866
[2023-05-03 12:38:01 INFO]acc@1: 0.1709089676730734	acc@5: 0.45477831198615504	acc@10: 0.5692104730601627	acc@20: 0.6522888363227162	mrr: 0.0	mAP: 0.0
[2023-05-03 12:38:22 INFO]---------------------------- validation ----------------------------
[2023-05-03 12:38:22 INFO]Mean loss: 9.673625421985625
[2023-05-03 12:38:22 INFO]acc@1: 0.13888201735058803	acc@5: 0.36974068865409593	acc@10: 0.48231945518490627	acc@20: 0.5543042786654391	mrr: 0.0	mAP: 0.0

[2023-05-03 12:38:42 INFO]================================ Testing ================================
[2023-05-03 12:38:42 INFO]Loss: 9.590093226533318
[2023-05-03 12:38:42 INFO]acc@1: 0.1420471795008968	acc@5: 0.37377326234992375	acc@10: 0.4842068670868984	acc@20: 0.5663291440713463	mrr: 0.0	mAP: 0.0

[2023-05-03 12:43:07 INFO]************************  Training epoch: 14/200  ************************
[2023-05-03 12:43:07 INFO]Current epoch's mean loss: 8.82722258589581
[2023-05-03 12:43:07 INFO]acc@1: 0.17374452279024774	acc@5: 0.4635483788626783	acc@10: 0.5788121244140162	acc@20: 0.6620215392766028	mrr: 0.0	mAP: 0.0
[2023-05-03 12:43:28 INFO]---------------------------- validation ----------------------------
[2023-05-03 12:43:28 INFO]Mean loss: 9.62134502773466
[2023-05-03 12:43:28 INFO]acc@1: 0.13655586188494317	acc@5: 0.3747597533396847	acc@10: 0.4855118237301895	acc@20: 0.5589722780482513	mrr: 0.0	mAP: 0.0

[2023-05-03 12:43:47 INFO]================================ Testing ================================
[2023-05-03 12:43:47 INFO]Loss: 9.541579834134913
[2023-05-03 12:43:47 INFO]acc@1: 0.13906614445754456	acc@5: 0.3799613698042665	acc@10: 0.49246179143229774	acc@20: 0.5656217704565473	mrr: 0.0	mAP: 0.0

[2023-05-03 12:48:24 INFO]************************  Training epoch: 15/200  ************************
[2023-05-03 12:48:24 INFO]Current epoch's mean loss: 8.7376279792325
[2023-05-03 12:48:24 INFO]acc@1: 0.17617790129721445	acc@5: 0.46834078992638845	acc@10: 0.5857957716665042	acc@20: 0.6687141783386625	mrr: 0.0	mAP: 0.0
[2023-05-03 12:48:50 INFO]---------------------------- validation ----------------------------
[2023-05-03 12:48:50 INFO]Mean loss: 9.541559838963725
[2023-05-03 12:48:50 INFO]acc@1: 0.13668033940542004	acc@5: 0.37964150950334785	acc@10: 0.48953800503109995	acc@20: 0.5678092842946219	mrr: 0.0	mAP: 0.0

[2023-05-03 12:49:25 INFO]================================ Testing ================================
[2023-05-03 12:49:25 INFO]Loss: 9.48370573316845
[2023-05-03 12:49:25 INFO]acc@1: 0.14098455442690888	acc@5: 0.3833479696723414	acc@10: 0.4951105975114182	acc@20: 0.5705013503743415	mrr: 0.0	mAP: 0.0

[2023-05-03 12:56:42 INFO]************************  Training epoch: 16/200  ************************
[2023-05-03 12:56:42 INFO]Current epoch's mean loss: 8.659245557581215
[2023-05-03 12:56:42 INFO]acc@1: 0.1784828779792506	acc@5: 0.4738279924532684	acc@10: 0.5925284826723928	acc@20: 0.6762058875613007	mrr: 0.0	mAP: 0.0
[2023-05-03 12:57:08 INFO]---------------------------- validation ----------------------------
[2023-05-03 12:57:08 INFO]Mean loss: 9.52077847447733
[2023-05-03 12:57:08 INFO]acc@1: 0.1370336475220608	acc@5: 0.3794248239245972	acc@10: 0.5008115729110112	acc@20: 0.5709773073354533	mrr: 0.0	mAP: 0.0

[2023-05-03 12:57:32 INFO]================================ Testing ================================
[2023-05-03 12:57:32 INFO]Loss: 9.426131162146154
[2023-05-03 12:57:32 INFO]acc@1: 0.14911490519606488	acc@5: 0.38475129602222125	acc@10: 0.5025042019933431	acc@20: 0.5789870509457915	mrr: 0.0	mAP: 0.0

[2023-05-03 13:03:22 INFO]************************  Training epoch: 17/200  ************************
[2023-05-03 13:03:22 INFO]Current epoch's mean loss: 8.583862482038809
[2023-05-03 13:03:22 INFO]acc@1: 0.1792327178001612	acc@5: 0.48070793790951444	acc@10: 0.5984788931233154	acc@20: 0.6819984300665695	mrr: 0.0	mAP: 0.0
[2023-05-03 13:03:52 INFO]---------------------------- validation ----------------------------
[2023-05-03 13:03:52 INFO]Mean loss: 9.461246132387394
[2023-05-03 13:03:52 INFO]acc@1: 0.14039544290255296	acc@5: 0.38146255148812946	acc@10: 0.5038418647300582	acc@20: 0.5759564136606465	mrr: 0.0	mAP: 0.0

[2023-05-03 13:04:19 INFO]================================ Testing ================================
[2023-05-03 13:04:19 INFO]Loss: 9.389351216603158
[2023-05-03 13:04:19 INFO]acc@1: 0.146578640216794	acc@5: 0.38806308734928235	acc@10: 0.5067589421087767	acc@20: 0.5816236139595508	mrr: 0.0	mAP: 0.0

[2023-05-03 13:07:58 INFO]************************  Training epoch: 18/200  ************************
[2023-05-03 13:07:58 INFO]Current epoch's mean loss: 8.52899477999061
[2023-05-03 13:07:58 INFO]acc@1: 0.18239780849064544	acc@5: 0.48462886513555997	acc@10: 0.603988972655455	acc@20: 0.6878069448070604	mrr: 0.0	mAP: 0.0
[2023-05-03 13:08:13 INFO]---------------------------- validation ----------------------------
[2023-05-03 13:08:13 INFO]Mean loss: 9.413484989088712
[2023-05-03 13:08:13 INFO]acc@1: 0.14535548658209904	acc@5: 0.38729017428746304	acc@10: 0.505306668423204	acc@20: 0.5802393319415853	mrr: 0.0	mAP: 0.0

[2023-05-03 13:08:26 INFO]================================ Testing ================================
[2023-05-03 13:08:26 INFO]Loss: 9.328949502587758
[2023-05-03 13:08:26 INFO]acc@1: 0.14671528624196048	acc@5: 0.38699115269121565	acc@10: 0.5083543869244872	acc@20: 0.5843249471614044	mrr: 0.0	mAP: 0.0

[2023-05-03 13:11:29 INFO]************************  Training epoch: 19/200  ************************
[2023-05-03 13:11:29 INFO]Current epoch's mean loss: 8.457546120866427
[2023-05-03 13:11:29 INFO]acc@1: 0.18346307402367984	acc@5: 0.48717590596747684	acc@10: 0.6076258237763882	acc@20: 0.6917953614200549	mrr: 0.0	mAP: 0.0
[2023-05-03 13:11:43 INFO]---------------------------- validation ----------------------------
[2023-05-03 13:11:43 INFO]Mean loss: 9.368662013749608
[2023-05-03 13:11:43 INFO]acc@1: 0.14573163861514654	acc@5: 0.39000918267958246	acc@10: 0.5074278391106303	acc@20: 0.5815385961764725	mrr: 0.0	mAP: 0.0

[2023-05-03 13:11:56 INFO]================================ Testing ================================
[2023-05-03 13:11:56 INFO]Loss: 9.299279847347371
[2023-05-03 13:11:56 INFO]acc@1: 0.14716277795501403	acc@5: 0.39044662022111376	acc@10: 0.5074869038121425	acc@20: 0.5848873717606321	mrr: 0.0	mAP: 0.0

[2023-05-03 13:15:01 INFO]************************  Training epoch: 20/200  ************************
[2023-05-03 13:15:01 INFO]Current epoch's mean loss: 8.398386525416866
[2023-05-03 13:15:01 INFO]acc@1: 0.18881464295562442	acc@5: 0.49275918104707267	acc@10: 0.6126053710583071	acc@20: 0.697369517087409	mrr: 0.0	mAP: 0.0
[2023-05-03 13:15:15 INFO]---------------------------- validation ----------------------------
[2023-05-03 13:15:15 INFO]Mean loss: 9.34391651727687
[2023-05-03 13:15:15 INFO]acc@1: 0.14266320433453655	acc@5: 0.39595353081879614	acc@10: 0.5119229723507392	acc@20: 0.5877558353707869	mrr: 0.0	mAP: 0.0

[2023-05-03 13:15:28 INFO]================================ Testing ================================
[2023-05-03 13:15:28 INFO]Loss: 9.286060374463956
[2023-05-03 13:15:28 INFO]acc@1: 0.14176064010906442	acc@5: 0.38907816681813995	acc@10: 0.5132243341610084	acc@20: 0.5911722485478588	mrr: 0.0	mAP: 0.0

[2023-05-03 13:18:30 INFO]************************  Training epoch: 21/200  ************************
[2023-05-03 13:18:30 INFO]Current epoch's mean loss: 8.337772804940139
[2023-05-03 13:18:30 INFO]acc@1: 0.18897467420029607	acc@5: 0.4949313212658992	acc@10: 0.6150944056022165	acc@20: 0.7001475101206429	mrr: 0.0	mAP: 0.0
[2023-05-03 13:18:44 INFO]---------------------------- validation ----------------------------
[2023-05-03 13:18:44 INFO]Mean loss: 9.291026288549801
[2023-05-03 13:18:44 INFO]acc@1: 0.14493587387721324	acc@5: 0.39545336957387434	acc@10: 0.5156472674370418	acc@20: 0.5849982196628755	mrr: 0.0	mAP: 0.0

[2023-05-03 13:18:58 INFO]================================ Testing ================================
[2023-05-03 13:18:58 INFO]Loss: 9.224440634994222
[2023-05-03 13:18:58 INFO]acc@1: 0.15051028889565468	acc@5: 0.39504460060845054	acc@10: 0.5149538115679523	acc@20: 0.5924509276432129	mrr: 0.0	mAP: 0.0

[2023-05-03 13:22:02 INFO]************************  Training epoch: 22/200  ************************
[2023-05-03 13:22:02 INFO]Current epoch's mean loss: 8.287730311971792
[2023-05-03 13:22:02 INFO]acc@1: 0.19294050154729048	acc@5: 0.49869662949610694	acc@10: 0.6198007121939845	acc@20: 0.7053558718099775	mrr: 0.0	mAP: 0.0
[2023-05-03 13:22:16 INFO]---------------------------- validation ----------------------------
[2023-05-03 13:22:16 INFO]Mean loss: 9.292040063387551
[2023-05-03 13:22:16 INFO]acc@1: 0.14299197971234862	acc@5: 0.3954360927402293	acc@10: 0.5173872096213563	acc@20: 0.5918614192799521	mrr: 0.0	mAP: 0.0

[2023-05-03 13:22:29 INFO]================================ Testing ================================
[2023-05-03 13:22:29 INFO]Loss: 9.21915482476814
[2023-05-03 13:22:29 INFO]acc@1: 0.14804002886263262	acc@5: 0.3990861915541916	acc@10: 0.5162941637853176	acc@20: 0.5960013760893966	mrr: 0.0	mAP: 0.0

[2023-05-03 13:25:32 INFO]************************  Training epoch: 23/200  ************************
[2023-05-03 13:25:32 INFO]Current epoch's mean loss: 8.243826115301426
[2023-05-03 13:25:32 INFO]acc@1: 0.1940632500641919	acc@5: 0.5022534136963454	acc@10: 0.6211002220909028	acc@20: 0.7077851452119374	mrr: 0.0	mAP: 0.0
[2023-05-03 13:25:46 INFO]---------------------------- validation ----------------------------
[2023-05-03 13:25:46 INFO]Mean loss: 9.271277444219548
[2023-05-03 13:25:46 INFO]acc@1: 0.14614822604901176	acc@5: 0.3963390987245763	acc@10: 0.5162388943996592	acc@20: 0.5940709190193075	mrr: 0.0	mAP: 0.0

[2023-05-03 13:25:59 INFO]================================ Testing ================================
[2023-05-03 13:25:59 INFO]Loss: 9.197495226970574
[2023-05-03 13:25:59 INFO]acc@1: 0.14738429718111234	acc@5: 0.3983231970336726	acc@10: 0.5175069452480645	acc@20: 0.5997719016884988	mrr: 0.0	mAP: 0.0

[2023-05-03 13:29:03 INFO]************************  Training epoch: 24/200  ************************
[2023-05-03 13:29:03 INFO]Current epoch's mean loss: 8.192944412322356
[2023-05-03 13:29:03 INFO]acc@1: 0.19838460408237574	acc@5: 0.5050174373201727	acc@10: 0.6256117197846771	acc@20: 0.7113867513527522	mrr: 0.0	mAP: 0.0
[2023-05-03 13:29:17 INFO]---------------------------- validation ----------------------------
[2023-05-03 13:29:17 INFO]Mean loss: 9.24088539596139
[2023-05-03 13:29:17 INFO]acc@1: 0.1471482244581061	acc@5: 0.3955258544259125	acc@10: 0.5199505209969666	acc@20: 0.5960209976756845	mrr: 0.0	mAP: 0.0

[2023-05-03 13:29:30 INFO]================================ Testing ================================
[2023-05-03 13:29:30 INFO]Loss: 9.168849496319735
[2023-05-03 13:29:30 INFO]acc@1: 0.1518863093577557	acc@5: 0.40100076649582583	acc@10: 0.5228676421677678	acc@20: 0.6013295113143275	mrr: 0.0	mAP: 0.0

[2023-05-03 13:32:34 INFO]************************  Training epoch: 25/200  ************************
[2023-05-03 13:32:34 INFO]Current epoch's mean loss: 8.145009653929534
[2023-05-03 13:32:34 INFO]acc@1: 0.2013597890522262	acc@5: 0.51085339850001	acc@10: 0.6308469900457165	acc@20: 0.7157510440489878	mrr: 0.0	mAP: 0.0
[2023-05-03 13:32:48 INFO]---------------------------- validation ----------------------------
[2023-05-03 13:32:48 INFO]Mean loss: 9.212132719852558
[2023-05-03 13:32:48 INFO]acc@1: 0.1450858233457366	acc@5: 0.3978910865307178	acc@10: 0.5196044135509086	acc@20: 0.5978623446291109	mrr: 0.0	mAP: 0.0

[2023-05-03 13:33:01 INFO]================================ Testing ================================
[2023-05-03 13:33:01 INFO]Loss: 9.142524050194243
[2023-05-03 13:33:01 INFO]acc@1: 0.1475876596451172	acc@5: 0.40107218927925253	acc@10: 0.5208044240122119	acc@20: 0.6004730253980823	mrr: 0.0	mAP: 0.0

[2023-05-03 13:36:01 INFO]************************  Training epoch: 26/200  ************************
[2023-05-03 13:36:01 INFO]Current epoch's mean loss: 8.1153353807796
[2023-05-03 13:36:01 INFO]acc@1: 0.20292195712163255	acc@5: 0.5101995255287886	acc@10: 0.6315082328246434	acc@20: 0.7178196477128521	mrr: 0.0	mAP: 0.0
[2023-05-03 13:36:15 INFO]---------------------------- validation ----------------------------
[2023-05-03 13:36:15 INFO]Mean loss: 9.18523747138677
[2023-05-03 13:36:15 INFO]acc@1: 0.15397967304744578	acc@5: 0.40213894912601933	acc@10: 0.5144148173163572	acc@20: 0.6000556520004481	mrr: 0.0	mAP: 0.0

[2023-05-03 13:36:28 INFO]================================ Testing ================================
[2023-05-03 13:36:28 INFO]Loss: 9.090821839129216
[2023-05-03 13:36:28 INFO]acc@1: 0.1537619267628579	acc@5: 0.4052961199728518	acc@10: 0.5249213845013911	acc@20: 0.6034646170859742	mrr: 0.0	mAP: 0.0

[2023-05-03 13:39:29 INFO]************************  Training epoch: 27/200  ************************
[2023-05-03 13:39:29 INFO]Current epoch's mean loss: 8.063655964451529
[2023-05-03 13:39:29 INFO]acc@1: 0.2048236500064019	acc@5: 0.5171774004845532	acc@10: 0.6349220714906347	acc@20: 0.7202126130604873	mrr: 0.0	mAP: 0.0
[2023-05-03 13:39:43 INFO]---------------------------- validation ----------------------------
[2023-05-03 13:39:43 INFO]Mean loss: 9.153888835483572
[2023-05-03 13:39:43 INFO]acc@1: 0.1553846628577904	acc@5: 0.3980370336729967	acc@10: 0.5248089273517041	acc@20: 0.6027787706429859	mrr: 0.0	mAP: 0.0

[2023-05-03 13:39:56 INFO]================================ Testing ================================
[2023-05-03 13:39:56 INFO]Loss: 9.092779613816708
[2023-05-03 13:39:56 INFO]acc@1: 0.1483381230978524	acc@5: 0.4000706738035192	acc@10: 0.525793450393431	acc@20: 0.6045642927790102	mrr: 0.0	mAP: 0.0

[2023-05-03 13:42:55 INFO]************************  Training epoch: 28/200  ************************
[2023-05-03 13:42:55 INFO]Current epoch's mean loss: 8.031395134147179
[2023-05-03 13:42:55 INFO]acc@1: 0.20955375306766297	acc@5: 0.5172779072629922	acc@10: 0.6362695780203937	acc@20: 0.7226426061821499	mrr: 0.0	mAP: 0.0
[2023-05-03 13:43:09 INFO]---------------------------- validation ----------------------------
[2023-05-03 13:43:09 INFO]Mean loss: 9.14783898241085
[2023-05-03 13:43:09 INFO]acc@1: 0.14747600794403096	acc@5: 0.40376951867260247	acc@10: 0.5226978761624169	acc@20: 0.6023435839751456	mrr: 0.0	mAP: 0.0

[2023-05-03 13:43:22 INFO]================================ Testing ================================
[2023-05-03 13:43:22 INFO]Loss: 9.073016061011659
[2023-05-03 13:43:22 INFO]acc@1: 0.15320104809807258	acc@5: 0.4048049955126835	acc@10: 0.5239803339621008	acc@20: 0.6051744712765275	mrr: 0.0	mAP: 0.0

[2023-05-03 13:46:26 INFO]************************  Training epoch: 29/200  ************************
[2023-05-03 13:46:26 INFO]Current epoch's mean loss: 7.988873650432591
[2023-05-03 13:46:26 INFO]acc@1: 0.2119475457174833	acc@5: 0.5213275136852076	acc@10: 0.6388506082672318	acc@20: 0.7235652859531532	mrr: 0.0	mAP: 0.0
[2023-05-03 13:46:40 INFO]---------------------------- validation ----------------------------
[2023-05-03 13:46:40 INFO]Mean loss: 9.123278988439523
[2023-05-03 13:46:40 INFO]acc@1: 0.1511317837578111	acc@5: 0.39742480999831864	acc@10: 0.5291159771489309	acc@20: 0.6080996208356332	mrr: 0.0	mAP: 0.0

[2023-05-03 13:46:53 INFO]================================ Testing ================================
[2023-05-03 13:46:53 INFO]Loss: 9.051826919186253
[2023-05-03 13:46:53 INFO]acc@1: 0.15403842761216	acc@5: 0.40286746454310524	acc@10: 0.5293797829584922	acc@20: 0.6104996307119612	mrr: 0.0	mAP: 0.0

[2023-05-03 13:49:56 INFO]************************  Training epoch: 30/200  ************************
[2023-05-03 13:49:56 INFO]Current epoch's mean loss: 7.947359121919238
[2023-05-03 13:49:56 INFO]acc@1: 0.21493494555581094	acc@5: 0.5237251823193582	acc@10: 0.6429446416020682	acc@20: 0.7289597905831299	mrr: 0.0	mAP: 0.0
[2023-05-03 13:50:10 INFO]---------------------------- validation ----------------------------
[2023-05-03 13:50:10 INFO]Mean loss: 9.12334894369622
[2023-05-03 13:50:10 INFO]acc@1: 0.15580746100391285	acc@5: 0.3998118081165706	acc@10: 0.5330623884511748	acc@20: 0.6090699123263714	mrr: 0.0	mAP: 0.0

[2023-05-03 13:50:23 INFO]================================ Testing ================================
[2023-05-03 13:50:23 INFO]Loss: 9.053129553518996
[2023-05-03 13:50:23 INFO]acc@1: 0.15943679145999534	acc@5: 0.40862279061330387	acc@10: 0.5288975008875421	acc@20: 0.6069134711217111	mrr: 0.0	mAP: 0.0

[2023-05-03 13:53:22 INFO]************************  Training epoch: 31/200  ************************
[2023-05-03 13:53:22 INFO]Current epoch's mean loss: 7.9214119337294076
[2023-05-03 13:53:22 INFO]acc@1: 0.21503456949234143	acc@5: 0.5263048307951286	acc@10: 0.6448110281545678	acc@20: 0.7293153983439661	mrr: 0.0	mAP: 0.0
[2023-05-03 13:53:36 INFO]---------------------------- validation ----------------------------
[2023-05-03 13:53:36 INFO]Mean loss: 9.105149607786375
[2023-05-03 13:53:36 INFO]acc@1: 0.15747669842956713	acc@5: 0.4118296681254714	acc@10: 0.5311663694575919	acc@20: 0.5997076112199036	mrr: 0.0	mAP: 0.0

[2023-05-03 13:53:49 INFO]================================ Testing ================================
[2023-05-03 13:53:49 INFO]Loss: 9.045018661925155
[2023-05-03 13:53:49 INFO]acc@1: 0.15509885398396034	acc@5: 0.41140310020401244	acc@10: 0.5290200088478039	acc@20: 0.6053351295459001	mrr: 0.0	mAP: 0.0

[2023-05-03 13:56:51 INFO]************************  Training epoch: 32/200  ************************
[2023-05-03 13:56:51 INFO]Current epoch's mean loss: 7.891646449902599
[2023-05-03 13:56:51 INFO]acc@1: 0.22023050405230116	acc@5: 0.5307818767470401	acc@10: 0.6464203856376867	acc@20: 0.7309625587441071	mrr: 0.0	mAP: 0.0
[2023-05-03 13:57:05 INFO]---------------------------- validation ----------------------------
[2023-05-03 13:57:05 INFO]Mean loss: 9.107348583222024
[2023-05-03 13:57:05 INFO]acc@1: 0.16383458976593723	acc@5: 0.406587377314293	acc@10: 0.5295384449725187	acc@20: 0.6021365205492994	mrr: 0.0	mAP: 0.0

[2023-05-03 13:57:18 INFO]================================ Testing ================================
[2023-05-03 13:57:18 INFO]Loss: 9.02600261430793
[2023-05-03 13:57:18 INFO]acc@1: 0.15494675271207667	acc@5: 0.4143592584827082	acc@10: 0.5294705720670566	acc@20: 0.6080080246047681	mrr: 0.0	mAP: 0.0

[2023-05-03 14:00:19 INFO]************************  Training epoch: 33/200  ************************
[2023-05-03 14:00:19 INFO]Current epoch's mean loss: 7.859081780585841
[2023-05-03 14:00:19 INFO]acc@1: 0.2212754968431592	acc@5: 0.5309967418045375	acc@10: 0.6497816440564836	acc@20: 0.7320351913342769	mrr: 0.0	mAP: 0.0
[2023-05-03 14:00:33 INFO]---------------------------- validation ----------------------------
[2023-05-03 14:00:33 INFO]Mean loss: 9.08449165647001
[2023-05-03 14:00:33 INFO]acc@1: 0.15796610357129012	acc@5: 0.4128633890432488	acc@10: 0.5350420988742196	acc@20: 0.6100843421658906	mrr: 0.0	mAP: 0.0

[2023-05-03 14:00:46 INFO]================================ Testing ================================
[2023-05-03 14:00:46 INFO]Loss: 9.011443554694102
[2023-05-03 14:00:46 INFO]acc@1: 0.15716726125142538	acc@5: 0.4154878636590681	acc@10: 0.5312332614761949	acc@20: 0.6104155022315314	mrr: 0.0	mAP: 0.0

[2023-05-03 14:03:47 INFO]************************  Training epoch: 34/200  ************************
[2023-05-03 14:03:47 INFO]Current epoch's mean loss: 7.8253355333098105
[2023-05-03 14:03:47 INFO]acc@1: 0.22415353197777643	acc@5: 0.5342286121407918	acc@10: 0.6526456568472102	acc@20: 0.7353858430851886	mrr: 0.0	mAP: 0.0
[2023-05-03 14:04:01 INFO]---------------------------- validation ----------------------------
[2023-05-03 14:04:01 INFO]Mean loss: 9.065127981814886
[2023-05-03 14:04:01 INFO]acc@1: 0.16385646363456888	acc@5: 0.4127664799302121	acc@10: 0.536368153337065	acc@20: 0.6098279176309845	mrr: 0.0	mAP: 0.0

[2023-05-03 14:04:14 INFO]================================ Testing ================================
[2023-05-03 14:04:14 INFO]Loss: 8.981278697856526
[2023-05-03 14:04:14 INFO]acc@1: 0.16354750881924443	acc@5: 0.4188544688020778	acc@10: 0.5337904451013011	acc@20: 0.6105319157643023	mrr: 0.0	mAP: 0.0

[2023-05-03 14:07:15 INFO]************************  Training epoch: 35/200  ************************
[2023-05-03 14:07:15 INFO]Current epoch's mean loss: 7.795953836650094
[2023-05-03 14:07:15 INFO]acc@1: 0.22808271717984774	acc@5: 0.5375230379936431	acc@10: 0.6537404661480031	acc@20: 0.7357445940354526	mrr: 0.0	mAP: 0.0
[2023-05-03 14:07:29 INFO]---------------------------- validation ----------------------------
[2023-05-03 14:07:29 INFO]Mean loss: 9.065534784502006
[2023-05-03 14:07:29 INFO]acc@1: 0.1631858409141101	acc@5: 0.41391711455524705	acc@10: 0.5330680984231768	acc@20: 0.6100460975268042	mrr: 0.0	mAP: 0.0

[2023-05-03 14:07:42 INFO]================================ Testing ================================
[2023-05-03 14:07:42 INFO]Loss: 8.990444199046314
[2023-05-03 14:07:42 INFO]acc@1: 0.15895018961882776	acc@5: 0.417072357955964	acc@10: 0.5289973728347009	acc@20: 0.6102277982289698	mrr: 0.0	mAP: 0.0

[2023-05-03 14:10:45 INFO]************************  Training epoch: 36/200  ************************
[2023-05-03 14:10:45 INFO]Current epoch's mean loss: 7.770073577480553
[2023-05-03 14:10:45 INFO]acc@1: 0.23019005715836355	acc@5: 0.5401183612786407	acc@10: 0.6552572754450597	acc@20: 0.736910270826627	mrr: 0.0	mAP: 0.0
[2023-05-03 14:10:59 INFO]---------------------------- validation ----------------------------
[2023-05-03 14:10:59 INFO]Mean loss: 9.044227086731162
[2023-05-03 14:10:59 INFO]acc@1: 0.1633516264926821	acc@5: 0.4185468920597766	acc@10: 0.5336370661028851	acc@20: 0.61215983123928	mrr: 0.0	mAP: 0.0

[2023-05-03 14:11:12 INFO]================================ Testing ================================
[2023-05-03 14:11:12 INFO]Loss: 8.96645447740239
[2023-05-03 14:11:12 INFO]acc@1: 0.15836727575072318	acc@5: 0.4259245578504841	acc@10: 0.5364299464290695	acc@20: 0.608543329059664	mrr: 0.0	mAP: 0.0

[2023-05-03 14:14:16 INFO]************************  Training epoch: 37/200  ************************
[2023-05-03 14:14:16 INFO]Current epoch's mean loss: 7.7369148678809205
[2023-05-03 14:14:16 INFO]acc@1: 0.232696655871874	acc@5: 0.5425837256950893	acc@10: 0.6578196445932891	acc@20: 0.73922120445832	mrr: 0.0	mAP: 0.0
[2023-05-03 14:14:30 INFO]---------------------------- validation ----------------------------
[2023-05-03 14:14:30 INFO]Mean loss: 9.02945300010797
[2023-05-03 14:14:30 INFO]acc@1: 0.16662596873500346	acc@5: 0.4163884822772287	acc@10: 0.5398133638930074	acc@20: 0.6133308594997349	mrr: 0.0	mAP: 0.0

[2023-05-03 14:14:43 INFO]================================ Testing ================================
[2023-05-03 14:14:43 INFO]Loss: 8.97256566411687
[2023-05-03 14:14:43 INFO]acc@1: 0.15946745709636806	acc@5: 0.4181438499287215	acc@10: 0.534629739002812	acc@20: 0.6171292275734721	mrr: 0.0	mAP: 0.0

[2023-05-03 14:17:46 INFO]************************  Training epoch: 38/200  ************************
[2023-05-03 14:17:46 INFO]Current epoch's mean loss: 7.722715873126273
[2023-05-03 14:17:46 INFO]acc@1: 0.23348549618352246	acc@5: 0.5439485918453147	acc@10: 0.6591493934834888	acc@20: 0.7404058975474332	mrr: 0.0	mAP: 0.0
[2023-05-03 14:18:00 INFO]---------------------------- validation ----------------------------
[2023-05-03 14:18:00 INFO]Mean loss: 9.030176518819818
[2023-05-03 14:18:00 INFO]acc@1: 0.1648717554215512	acc@5: 0.41578578388150045	acc@10: 0.5411270602029314	acc@20: 0.6130171654025715	mrr: 0.0	mAP: 0.0

[2023-05-03 14:18:13 INFO]================================ Testing ================================
[2023-05-03 14:18:13 INFO]Loss: 8.960601989711526
[2023-05-03 14:18:13 INFO]acc@1: 0.16469412574037365	acc@5: 0.4240131288095235	acc@10: 0.5319979097667058	acc@20: 0.6137218488558325	mrr: 0.0	mAP: 0.0

[2023-05-03 14:21:13 INFO]************************  Training epoch: 39/200  ************************
[2023-05-03 14:21:13 INFO]Current epoch's mean loss: 7.690444229755414
[2023-05-03 14:21:13 INFO]acc@1: 0.23808775758657608	acc@5: 0.5470592007743912	acc@10: 0.6612127743671361	acc@20: 0.7423427112810317	mrr: 0.0	mAP: 0.0
[2023-05-03 14:21:27 INFO]---------------------------- validation ----------------------------
[2023-05-03 14:21:27 INFO]Mean loss: 9.025250771413607
[2023-05-03 14:21:27 INFO]acc@1: 0.16248637787769987	acc@5: 0.4149848406629373	acc@10: 0.5398980936122643	acc@20: 0.6168506471268695	mrr: 0.0	mAP: 0.0

[2023-05-03 14:21:40 INFO]================================ Testing ================================
[2023-05-03 14:21:40 INFO]Loss: 8.953488145994951
[2023-05-03 14:21:40 INFO]acc@1: 0.1608783711533964	acc@5: 0.4220648747858204	acc@10: 0.5344466326634033	acc@20: 0.6166904982798039	mrr: 0.0	mAP: 0.0

[2023-05-03 14:24:39 INFO]************************  Training epoch: 40/200  ************************
[2023-05-03 14:24:39 INFO]Current epoch's mean loss: 7.6659142034692636
[2023-05-03 14:24:39 INFO]acc@1: 0.23924624633339014	acc@5: 0.5498032441770819	acc@10: 0.664066647068488	acc@20: 0.7444719023955243	mrr: 0.0	mAP: 0.0
[2023-05-03 14:24:54 INFO]---------------------------- validation ----------------------------
[2023-05-03 14:24:54 INFO]Mean loss: 9.033928478729605
[2023-05-03 14:24:54 INFO]acc@1: 0.16116595738093864	acc@5: 0.41550982377026574	acc@10: 0.5421473338275569	acc@20: 0.6145678977058624	mrr: 0.0	mAP: 0.0

[2023-05-03 14:25:07 INFO]================================ Testing ================================
[2023-05-03 14:25:07 INFO]Loss: 8.981836008337815
[2023-05-03 14:25:07 INFO]acc@1: 0.1637824400638098	acc@5: 0.4233346798154249	acc@10: 0.5327262999174016	acc@20: 0.6116935772730115	mrr: 0.0	mAP: 0.0

[2023-05-03 14:28:11 INFO]************************  Training epoch: 41/200  ************************
[2023-05-03 14:28:11 INFO]Current epoch's mean loss: 7.641979807523623
[2023-05-03 14:28:11 INFO]acc@1: 0.24135597518103205	acc@5: 0.5515071240619729	acc@10: 0.6647908604925108	acc@20: 0.7452278744165356	mrr: 0.0	mAP: 0.0
[2023-05-03 14:28:25 INFO]---------------------------- validation ----------------------------
[2023-05-03 14:28:25 INFO]Mean loss: 9.007756160848846
[2023-05-03 14:28:25 INFO]acc@1: 0.1728384326782845	acc@5: 0.418024720817122	acc@10: 0.5357333357616947	acc@20: 0.6171042967080506	mrr: 0.0	mAP: 0.0

[2023-05-03 14:28:38 INFO]================================ Testing ================================
[2023-05-03 14:28:38 INFO]Loss: 8.959618252347889
[2023-05-03 14:28:38 INFO]acc@1: 0.16649941811720953	acc@5: 0.4207434604518299	acc@10: 0.5329939782616935	acc@20: 0.6146605233565696	mrr: 0.0	mAP: 0.0

[2023-05-03 14:31:36 INFO]************************  Training epoch: 42/200  ************************
[2023-05-03 14:31:36 INFO]Current epoch's mean loss: 7.630536866142342
[2023-05-03 14:31:36 INFO]acc@1: 0.24167517873047017	acc@5: 0.5526185654486688	acc@10: 0.6667958286437818	acc@20: 0.7448689973061582	mrr: 0.0	mAP: 0.0
[2023-05-03 14:31:50 INFO]---------------------------- validation ----------------------------
[2023-05-03 14:31:50 INFO]Mean loss: 9.0135765298517
[2023-05-03 14:31:50 INFO]acc@1: 0.1700219373155512	acc@5: 0.41830235034430296	acc@10: 0.5368127434933668	acc@20: 0.6143336093087102	mrr: 0.0	mAP: 0.0

[2023-05-03 14:32:03 INFO]================================ Testing ================================
[2023-05-03 14:32:03 INFO]Loss: 8.943011905426776
[2023-05-03 14:32:03 INFO]acc@1: 0.1664154145246273	acc@5: 0.42259635939946255	acc@10: 0.5318110849121944	acc@20: 0.6106273255503655	mrr: 0.0	mAP: 0.0

[2023-05-03 14:35:02 INFO]************************  Training epoch: 43/200  ************************
[2023-05-03 14:35:02 INFO]Current epoch's mean loss: 7.611473305565892
[2023-05-03 14:35:02 INFO]acc@1: 0.2448701283752295	acc@5: 0.5534996699422409	acc@10: 0.6673302944401867	acc@20: 0.7466919724827988	mrr: 0.0	mAP: 0.0
[2023-05-03 14:35:16 INFO]---------------------------- validation ----------------------------
[2023-05-03 14:35:16 INFO]Mean loss: 9.010901766037438
[2023-05-03 14:35:16 INFO]acc@1: 0.17535124995417636	acc@5: 0.4158294902515005	acc@10: 0.5392232023232	acc@20: 0.6146015986548237	mrr: 0.0	mAP: 0.0

[2023-05-03 14:35:29 INFO]================================ Testing ================================
[2023-05-03 14:35:29 INFO]Loss: 8.935945182409899
[2023-05-03 14:35:29 INFO]acc@1: 0.1752806073808019	acc@5: 0.4240111628407038	acc@10: 0.5370698414749222	acc@20: 0.6129398797841623	mrr: 0.0	mAP: 0.0

[2023-05-03 14:38:30 INFO]************************  Training epoch: 44/200  ************************
[2023-05-03 14:38:30 INFO]Current epoch's mean loss: 7.592486801462769
[2023-05-03 14:38:30 INFO]acc@1: 0.24591062407025666	acc@5: 0.556275139444237	acc@10: 0.6697296073783736	acc@20: 0.7485164523763096	mrr: 0.0	mAP: 0.0
[2023-05-03 14:38:44 INFO]---------------------------- validation ----------------------------
[2023-05-03 14:38:44 INFO]Mean loss: 8.997437434307194
[2023-05-03 14:38:44 INFO]acc@1: 0.16800306212172184	acc@5: 0.415666044267217	acc@10: 0.5377668751689717	acc@20: 0.6146956810678315	mrr: 0.0	mAP: 0.0

[2023-05-03 14:38:57 INFO]================================ Testing ================================
[2023-05-03 14:38:57 INFO]Loss: 8.934204394103055
[2023-05-03 14:38:57 INFO]acc@1: 0.16840169370809663	acc@5: 0.42057873788366223	acc@10: 0.5388812616255154	acc@20: 0.6113805704751509	mrr: 0.0	mAP: 0.0

[2023-05-03 14:42:02 INFO]************************  Training epoch: 45/200  ************************
[2023-05-03 14:42:02 INFO]Current epoch's mean loss: 7.569113461288899
[2023-05-03 14:42:02 INFO]acc@1: 0.24891602305604224	acc@5: 0.5571757813228678	acc@10: 0.668641918287346	acc@20: 0.7476340732359111	mrr: 0.0	mAP: 0.0
[2023-05-03 14:42:16 INFO]---------------------------- validation ----------------------------
[2023-05-03 14:42:16 INFO]Mean loss: 9.009464878468007
[2023-05-03 14:42:16 INFO]acc@1: 0.16818822299025252	acc@5: 0.4213320701878997	acc@10: 0.5398854768757917	acc@20: 0.6164580990661015	mrr: 0.0	mAP: 0.0

[2023-05-03 14:42:29 INFO]================================ Testing ================================
[2023-05-03 14:42:29 INFO]Loss: 8.952324983075824
[2023-05-03 14:42:29 INFO]acc@1: 0.16554371006410457	acc@5: 0.4179547603507823	acc@10: 0.5373178981855012	acc@20: 0.6194387054977416	mrr: 0.0	mAP: 0.0

[2023-05-03 14:45:30 INFO]************************  Training epoch: 46/200  ************************
[2023-05-03 14:45:30 INFO]Current epoch's mean loss: 7.559657012759338
[2023-05-03 14:45:30 INFO]acc@1: 0.2505896914862161	acc@5: 0.5598499981763444	acc@10: 0.6685877573539168	acc@20: 0.7482488185399367	mrr: 0.0	mAP: 0.0
[2023-05-03 14:45:45 INFO]---------------------------- validation ----------------------------
[2023-05-03 14:45:45 INFO]Mean loss: 9.002492590847377
[2023-05-03 14:45:45 INFO]acc@1: 0.16821348041404674	acc@5: 0.42071188846354024	acc@10: 0.5406607874472409	acc@20: 0.6156962105702944	mrr: 0.0	mAP: 0.0

[2023-05-03 14:45:58 INFO]================================ Testing ================================
[2023-05-03 14:45:58 INFO]Loss: 8.933229128712252
[2023-05-03 14:45:58 INFO]acc@1: 0.1663381592089264	acc@5: 0.4237293520663009	acc@10: 0.5392792655695278	acc@20: 0.6176826442246568	mrr: 0.0	mAP: 0.0

[2023-05-03 14:49:10 INFO]************************  Training epoch: 47/200  ************************
[2023-05-03 14:49:10 INFO]Current epoch's mean loss: 7.545283176380667
[2023-05-03 14:49:10 INFO]acc@1: 0.25175750308310724	acc@5: 0.5617130097306285	acc@10: 0.6733062199274912	acc@20: 0.749899430509124	mrr: 0.0	mAP: 0.0
[2023-05-03 14:49:24 INFO]---------------------------- validation ----------------------------
[2023-05-03 14:49:24 INFO]Mean loss: 9.022870357358553
[2023-05-03 14:49:24 INFO]acc@1: 0.1711502393772441	acc@5: 0.41915479284946483	acc@10: 0.5386604105246733	acc@20: 0.6161741609303463	mrr: 0.0	mAP: 0.0

[2023-05-03 14:49:37 INFO]================================ Testing ================================
[2023-05-03 14:49:37 INFO]Loss: 8.950843677323993
[2023-05-03 14:49:37 INFO]acc@1: 0.16735717897667438	acc@5: 0.42344227744903024	acc@10: 0.5406996460384931	acc@20: 0.6109093354141036	mrr: 0.0	mAP: 0.0

[2023-05-03 14:52:46 INFO]************************  Training epoch: 48/200  ************************
[2023-05-03 14:52:46 INFO]Current epoch's mean loss: 7.517156275131748
[2023-05-03 14:52:46 INFO]acc@1: 0.2545694202195923	acc@5: 0.5644928030967673	acc@10: 0.6745039873640407	acc@20: 0.7516402143550365	mrr: 0.0	mAP: 0.0
[2023-05-03 14:53:00 INFO]---------------------------- validation ----------------------------
[2023-05-03 14:53:00 INFO]Mean loss: 8.993607546880137
[2023-05-03 14:53:00 INFO]acc@1: 0.17120262861540952	acc@5: 0.42067445878315674	acc@10: 0.5354101074931525	acc@20: 0.6146034419846417	mrr: 0.0	mAP: 0.0

[2023-05-03 14:53:13 INFO]================================ Testing ================================
[2023-05-03 14:53:13 INFO]Loss: 8.941386415798785
[2023-05-03 14:53:13 INFO]acc@1: 0.16688893210497724	acc@5: 0.4245160906255279	acc@10: 0.5362196460811182	acc@20: 0.6123833200482951	mrr: 0.0	mAP: 0.0

[2023-05-03 14:56:22 INFO]************************  Training epoch: 49/200  ************************
[2023-05-03 14:56:22 INFO]Current epoch's mean loss: 7.526835796300036
[2023-05-03 14:56:22 INFO]acc@1: 0.2544581549244197	acc@5: 0.5616776665495152	acc@10: 0.6725574498218662	acc@20: 0.7493204537699438	mrr: 0.0	mAP: 0.0
[2023-05-03 14:56:37 INFO]---------------------------- validation ----------------------------
[2023-05-03 14:56:37 INFO]Mean loss: 8.980486447017224
[2023-05-03 14:56:37 INFO]acc@1: 0.17083524556354	acc@5: 0.42378943727611557	acc@10: 0.5352246013303741	acc@20: 0.6147760381486504	mrr: 0.0	mAP: 0.0

[2023-05-03 14:56:51 INFO]================================ Testing ================================
[2023-05-03 14:56:51 INFO]Loss: 8.925489793767564
[2023-05-03 14:56:51 INFO]acc@1: 0.1762064311885204	acc@5: 0.4255119914144665	acc@10: 0.5383095564482548	acc@20: 0.613382196471764	mrr: 0.0	mAP: 0.0

[2023-05-03 14:59:59 INFO]************************  Training epoch: 50/200  ************************
[2023-05-03 14:59:59 INFO]Current epoch's mean loss: 7.493194174981272
[2023-05-03 14:59:59 INFO]acc@1: 0.25585026774260794	acc@5: 0.5653890124399414	acc@10: 0.6734194493111001	acc@20: 0.7530086917831997	mrr: 0.0	mAP: 0.0
[2023-05-03 15:00:13 INFO]---------------------------- validation ----------------------------
[2023-05-03 15:00:13 INFO]Mean loss: 8.988872911538888
[2023-05-03 15:00:13 INFO]acc@1: 0.1784686696540875	acc@5: 0.42840112643438216	acc@10: 0.5407630787792871	acc@20: 0.6146533865800292	mrr: 0.0	mAP: 0.0

[2023-05-03 15:00:29 INFO]================================ Testing ================================
[2023-05-03 15:00:29 INFO]Loss: 8.923416608528811
[2023-05-03 15:00:29 INFO]acc@1: 0.18080043050698372	acc@5: 0.42907238550585675	acc@10: 0.5366498812499518	acc@20: 0.6152101110209529	mrr: 0.0	mAP: 0.0

[2023-05-03 15:03:38 INFO]************************  Training epoch: 51/200  ************************
[2023-05-03 15:03:38 INFO]Current epoch's mean loss: 7.4866148094370315
[2023-05-03 15:03:38 INFO]acc@1: 0.2568820215071852	acc@5: 0.5685659938678018	acc@10: 0.6774401648282473	acc@20: 0.7547719730535789	mrr: 0.0	mAP: 0.0
[2023-05-03 15:03:53 INFO]---------------------------- validation ----------------------------
[2023-05-03 15:03:53 INFO]Mean loss: 8.980423131068981
[2023-05-03 15:03:53 INFO]acc@1: 0.16886208285539478	acc@5: 0.426417012454634	acc@10: 0.541397104650371	acc@20: 0.615168097171274	mrr: 0.0	mAP: 0.0

[2023-05-03 15:04:06 INFO]================================ Testing ================================
[2023-05-03 15:04:06 INFO]Loss: 8.93335767827504
[2023-05-03 15:04:06 INFO]acc@1: 0.17464222983159983	acc@5: 0.4282656046887931	acc@10: 0.5388615518144346	acc@20: 0.6123888391040898	mrr: 0.0	mAP: 0.0

[2023-05-03 15:07:12 INFO]************************  Training epoch: 52/200  ************************
[2023-05-03 15:07:12 INFO]Current epoch's mean loss: 7.466224366804663
[2023-05-03 15:07:12 INFO]acc@1: 0.2591366486062758	acc@5: 0.5661846426765127	acc@10: 0.6777876645746282	acc@20: 0.7555722595175773	mrr: 0.0	mAP: 0.0
[2023-05-03 15:07:28 INFO]---------------------------- validation ----------------------------
[2023-05-03 15:07:28 INFO]Mean loss: 8.993303799255507
[2023-05-03 15:07:28 INFO]acc@1: 0.17475929890878325	acc@5: 0.4273780698324104	acc@10: 0.5407711446979876	acc@20: 0.6148024081954828	mrr: 0.0	mAP: 0.0

[2023-05-03 15:07:42 INFO]================================ Testing ================================
[2023-05-03 15:07:42 INFO]Loss: 8.944492891994685
[2023-05-03 15:07:42 INFO]acc@1: 0.17444993802456327	acc@5: 0.4299812851913239	acc@10: 0.5389503239737857	acc@20: 0.6110095799959409	mrr: 0.0	mAP: 0.0

[2023-05-03 15:11:03 INFO]************************  Training epoch: 53/200  ************************
[2023-05-03 15:11:03 INFO]Current epoch's mean loss: 7.4581136753018145
[2023-05-03 15:11:03 INFO]acc@1: 0.26070189871401994	acc@5: 0.5699279657234801	acc@10: 0.6786363088867696	acc@20: 0.7549130015367783	mrr: 0.0	mAP: 0.0
[2023-05-03 15:11:19 INFO]---------------------------- validation ----------------------------
[2023-05-03 15:11:19 INFO]Mean loss: 8.972584105921275
[2023-05-03 15:11:19 INFO]acc@1: 0.17296967986022888	acc@5: 0.4272491462344292	acc@10: 0.5426224935111013	acc@20: 0.6168654290460074	mrr: 0.0	mAP: 0.0

[2023-05-03 15:11:32 INFO]================================ Testing ================================
[2023-05-03 15:11:32 INFO]Loss: 8.921123454602315
[2023-05-03 15:11:32 INFO]acc@1: 0.17525505883603945	acc@5: 0.4312188678189302	acc@10: 0.5370788053111595	acc@20: 0.6139545799732736	mrr: 0.0	mAP: 0.0

[2023-05-03 15:14:44 INFO]************************  Training epoch: 54/200  ************************
[2023-05-03 15:14:44 INFO]Current epoch's mean loss: 7.441036076927181
[2023-05-03 15:14:44 INFO]acc@1: 0.2620066582265196	acc@5: 0.5721378265236631	acc@10: 0.6808217640764137	acc@20: 0.7568473729781034	mrr: 0.0	mAP: 0.0
[2023-05-03 15:15:00 INFO]---------------------------- validation ----------------------------
[2023-05-03 15:15:00 INFO]Mean loss: 8.985385602677855
[2023-05-03 15:15:00 INFO]acc@1: 0.16716618252582546	acc@5: 0.4257689980261995	acc@10: 0.5399852118864554	acc@20: 0.6172593633397843	mrr: 0.0	mAP: 0.0

[2023-05-03 15:15:15 INFO]================================ Testing ================================
[2023-05-03 15:15:15 INFO]Loss: 8.931871166509952
[2023-05-03 15:15:15 INFO]acc@1: 0.1732217916894626	acc@5: 0.42510051515912295	acc@10: 0.5407494953711883	acc@20: 0.6169142615678513	mrr: 0.0	mAP: 0.0

[2023-05-03 15:18:26 INFO]************************  Training epoch: 55/200  ************************
[2023-05-03 15:18:26 INFO]Current epoch's mean loss: 7.435009818544082
[2023-05-03 15:18:26 INFO]acc@1: 0.2627357192198391	acc@5: 0.5719698791392136	acc@10: 0.6797790322145676	acc@20: 0.757589387325092	mrr: 0.0	mAP: 0.0
[2023-05-03 15:18:41 INFO]---------------------------- validation ----------------------------
[2023-05-03 15:18:41 INFO]Mean loss: 8.979379423683659
[2023-05-03 15:18:41 INFO]acc@1: 0.1775816107373674	acc@5: 0.4229277978161993	acc@10: 0.5399021117803042	acc@20: 0.6132444430283925	mrr: 0.0	mAP: 0.0

[2023-05-03 15:18:55 INFO]================================ Testing ================================
[2023-05-03 15:18:55 INFO]Loss: 8.953256394601313
[2023-05-03 15:18:55 INFO]acc@1: 0.17433337906474491	acc@5: 0.4259278221335191	acc@10: 0.5377403021739774	acc@20: 0.6104586438002427	mrr: 0.0	mAP: 0.0

[2023-05-03 15:22:02 INFO]************************  Training epoch: 56/200  ************************
[2023-05-03 15:22:02 INFO]Current epoch's mean loss: 7.42143701268706
[2023-05-03 15:22:02 INFO]acc@1: 0.2646860352045823	acc@5: 0.5721409527171432	acc@10: 0.6804170918190161	acc@20: 0.7569805735340965	mrr: 0.0	mAP: 0.0
[2023-05-03 15:22:16 INFO]---------------------------- validation ----------------------------
[2023-05-03 15:22:16 INFO]Mean loss: 8.979334803542107
[2023-05-03 15:22:16 INFO]acc@1: 0.17386662438218176	acc@5: 0.42758297918207583	acc@10: 0.5397071159003486	acc@20: 0.6173131780095422	mrr: 0.0	mAP: 0.0

[2023-05-03 15:22:30 INFO]================================ Testing ================================
[2023-05-03 15:22:30 INFO]Loss: 8.956218260279678
[2023-05-03 15:22:30 INFO]acc@1: 0.1709099071425027	acc@5: 0.42806943815570697	acc@10: 0.5363945992854053	acc@20: 0.612851987101833	mrr: 0.0	mAP: 0.0

[2023-05-03 15:25:36 INFO]************************  Training epoch: 57/200  ************************
[2023-05-03 15:25:36 INFO]Current epoch's mean loss: 7.416161535712688
[2023-05-03 15:25:36 INFO]acc@1: 0.26376019344875545	acc@5: 0.572215852137603	acc@10: 0.6811361761899754	acc@20: 0.7552401198405295	mrr: 0.0	mAP: 0.0
[2023-05-03 15:25:50 INFO]---------------------------- validation ----------------------------
[2023-05-03 15:25:50 INFO]Mean loss: 8.958596115572128
[2023-05-03 15:25:50 INFO]acc@1: 0.1724473193228868	acc@5: 0.42627954338495255	acc@10: 0.5426531033686535	acc@20: 0.6196349039792866	mrr: 0.0	mAP: 0.0

[2023-05-03 15:26:03 INFO]================================ Testing ================================
[2023-05-03 15:26:03 INFO]Loss: 8.926525661422287
[2023-05-03 15:26:03 INFO]acc@1: 0.17481112655364425	acc@5: 0.42872255687895294	acc@10: 0.5386369915582817	acc@20: 0.6124047018569349	mrr: 0.0	mAP: 0.0

[2023-05-03 15:29:07 INFO]************************  Training epoch: 58/200  ************************
[2023-05-03 15:29:07 INFO]Current epoch's mean loss: 7.405227945134792
[2023-05-03 15:29:07 INFO]acc@1: 0.26421008664753165	acc@5: 0.5741469116552004	acc@10: 0.6816052088443981	acc@20: 0.7579451441246856	mrr: 0.0	mAP: 0.0
[2023-05-03 15:29:22 INFO]---------------------------- validation ----------------------------
[2023-05-03 15:29:22 INFO]Mean loss: 8.959241907528877
[2023-05-03 15:29:22 INFO]acc@1: 0.1777337885665603	acc@5: 0.4285809260701873	acc@10: 0.5457781719716939	acc@20: 0.6218604870609914	mrr: 0.0	mAP: 0.0

[2023-05-03 15:29:35 INFO]================================ Testing ================================
[2023-05-03 15:29:35 INFO]Loss: 8.918770074155093
[2023-05-03 15:29:35 INFO]acc@1: 0.17829181315417506	acc@5: 0.42923399129941814	acc@10: 0.5464316498973966	acc@20: 0.6185295461127187	mrr: 0.0	mAP: 0.0

[2023-05-03 15:32:41 INFO]************************  Training epoch: 59/200  ************************
[2023-05-03 15:32:41 INFO]Current epoch's mean loss: 7.3938363615845475
[2023-05-03 15:32:41 INFO]acc@1: 0.2666521812102078	acc@5: 0.5747401315303702	acc@10: 0.6809709168662574	acc@20: 0.7585060941580741	mrr: 0.0	mAP: 0.0
[2023-05-03 15:32:56 INFO]---------------------------- validation ----------------------------
[2023-05-03 15:32:56 INFO]Mean loss: 8.966846462595814
[2023-05-03 15:32:56 INFO]acc@1: 0.1761682628042743	acc@5: 0.42544644134892284	acc@10: 0.5440983902020533	acc@20: 0.6221595995373927	mrr: 0.0	mAP: 0.0

[2023-05-03 15:33:10 INFO]================================ Testing ================================
[2023-05-03 15:33:10 INFO]Loss: 8.915835680148357
[2023-05-03 15:33:10 INFO]acc@1: 0.1739628034005656	acc@5: 0.42823469345912973	acc@10: 0.5432227520473314	acc@20: 0.617744793676893	mrr: 0.0	mAP: 0.0

[2023-05-03 15:36:13 INFO]************************  Training epoch: 60/200  ************************
[2023-05-03 15:36:13 INFO]Current epoch's mean loss: 7.396446591815991
[2023-05-03 15:36:13 INFO]acc@1: 0.2679673883558824	acc@5: 0.5752170707166382	acc@10: 0.6833893410507577	acc@20: 0.7576383259247487	mrr: 0.0	mAP: 0.0
[2023-05-03 15:36:27 INFO]---------------------------- validation ----------------------------
[2023-05-03 15:36:27 INFO]Mean loss: 8.97999157779418
[2023-05-03 15:36:27 INFO]acc@1: 0.17179988216333264	acc@5: 0.4303809178391552	acc@10: 0.5419838403028319	acc@20: 0.6199861437076251	mrr: 0.0	mAP: 0.0

[2023-05-03 15:36:41 INFO]================================ Testing ================================
[2023-05-03 15:36:41 INFO]Loss: 8.928832845027422
[2023-05-03 15:36:41 INFO]acc@1: 0.1741535196262833	acc@5: 0.42988303060659483	acc@10: 0.5396118328804399	acc@20: 0.6187906017999361	mrr: 0.0	mAP: 0.0

[2023-05-03 15:39:47 INFO]************************  Training epoch: 61/200  ************************
[2023-05-03 15:39:47 INFO]Current epoch's mean loss: 7.373734479331561
[2023-05-03 15:39:47 INFO]acc@1: 0.2680527942265016	acc@5: 0.5771513184005491	acc@10: 0.683287476488216	acc@20: 0.7594133488721185	mrr: 0.0	mAP: 0.0
[2023-05-03 15:40:01 INFO]---------------------------- validation ----------------------------
[2023-05-03 15:40:01 INFO]Mean loss: 8.969933914877686
[2023-05-03 15:40:01 INFO]acc@1: 0.17289042599842747	acc@5: 0.42596549730754923	acc@10: 0.5459754454561538	acc@20: 0.620913036843345	mrr: 0.0	mAP: 0.0

[2023-05-03 15:40:14 INFO]================================ Testing ================================
[2023-05-03 15:40:14 INFO]Loss: 8.92039267331601
[2023-05-03 15:40:14 INFO]acc@1: 0.17226942215635968	acc@5: 0.4277079975511621	acc@10: 0.5416636973705591	acc@20: 0.6182864937284512	mrr: 0.0	mAP: 0.0

[2023-05-03 15:43:12 INFO]************************  Training epoch: 62/200  ************************
[2023-05-03 15:43:12 INFO]Current epoch's mean loss: 7.369099423383355
[2023-05-03 15:43:12 INFO]acc@1: 0.2706297515066613	acc@5: 0.5784940446340587	acc@10: 0.6840319087151235	acc@20: 0.7597068415777358	mrr: 0.0	mAP: 0.0
[2023-05-03 15:43:26 INFO]---------------------------- validation ----------------------------
[2023-05-03 15:43:26 INFO]Mean loss: 8.963589846305222
[2023-05-03 15:43:26 INFO]acc@1: 0.17603238825709527	acc@5: 0.42718867217956985	acc@10: 0.5435963625427522	acc@20: 0.6210314123368408	mrr: 0.0	mAP: 0.0

[2023-05-03 15:43:40 INFO]================================ Testing ================================
[2023-05-03 15:43:40 INFO]Loss: 8.928278649237457
[2023-05-03 15:43:40 INFO]acc@1: 0.16923406931040288	acc@5: 0.431349016602713	acc@10: 0.5421942773254084	acc@20: 0.6203822069219811	mrr: 0.0	mAP: 0.0

[2023-05-03 15:46:48 INFO]************************  Training epoch: 63/200  ************************
[2023-05-03 15:46:48 INFO]Current epoch's mean loss: 7.349965330929816
[2023-05-03 15:46:48 INFO]acc@1: 0.269239620874267	acc@5: 0.5787514553756282	acc@10: 0.6867165271327654	acc@20: 0.7606873827424502	mrr: 0.0	mAP: 0.0
[2023-05-03 15:47:03 INFO]---------------------------- validation ----------------------------
[2023-05-03 15:47:03 INFO]Mean loss: 8.960563316012253
[2023-05-03 15:47:03 INFO]acc@1: 0.17724416538346313	acc@5: 0.4252996642577378	acc@10: 0.5373466795697742	acc@20: 0.6199523115130735	mrr: 0.0	mAP: 0.0

[2023-05-03 15:47:17 INFO]================================ Testing ================================
[2023-05-03 15:47:17 INFO]Loss: 8.915656268030487
[2023-05-03 15:47:17 INFO]acc@1: 0.17037819152546885	acc@5: 0.435534890179604	acc@10: 0.543801954475416	acc@20: 0.6196890044688417	mrr: 0.0	mAP: 0.0

[2023-05-03 15:50:25 INFO]************************  Training epoch: 64/200  ************************
[2023-05-03 15:50:25 INFO]Current epoch's mean loss: 7.35015047717373
[2023-05-03 15:50:25 INFO]acc@1: 0.27132508110036013	acc@5: 0.5777926010859273	acc@10: 0.6850921651946088	acc@20: 0.7606392080424438	mrr: 0.0	mAP: 0.0
[2023-05-03 15:50:39 INFO]---------------------------- validation ----------------------------
[2023-05-03 15:50:39 INFO]Mean loss: 8.952210884759777
[2023-05-03 15:50:39 INFO]acc@1: 0.1755673126324334	acc@5: 0.4273837805930661	acc@10: 0.5431142032773673	acc@20: 0.6163820783054772	mrr: 0.0	mAP: 0.0

[2023-05-03 15:50:52 INFO]================================ Testing ================================
[2023-05-03 15:50:52 INFO]Loss: 8.917005214598236
[2023-05-03 15:50:52 INFO]acc@1: 0.17916108930107472	acc@5: 0.4269726260429113	acc@10: 0.5412345146589227	acc@20: 0.614118936178756	mrr: 0.0	mAP: 0.0

[2023-05-03 15:54:00 INFO]************************  Training epoch: 65/200  ************************
[2023-05-03 15:54:00 INFO]Current epoch's mean loss: 7.3515662665525054
[2023-05-03 15:54:00 INFO]acc@1: 0.2700354419674522	acc@5: 0.5784215464551216	acc@10: 0.6838102384789239	acc@20: 0.7594540128186242	mrr: 0.0	mAP: 0.0
[2023-05-03 15:54:14 INFO]---------------------------- validation ----------------------------
[2023-05-03 15:54:14 INFO]Mean loss: 8.958443630608917
[2023-05-03 15:54:14 INFO]acc@1: 0.17743318686084844	acc@5: 0.4267347636063801	acc@10: 0.5468928974826776	acc@20: 0.6187418424318964	mrr: 0.0	mAP: 0.0

[2023-05-03 15:54:27 INFO]================================ Testing ================================
[2023-05-03 15:54:27 INFO]Loss: 8.929118254790287
[2023-05-03 15:54:27 INFO]acc@1: 0.17837642736023496	acc@5: 0.4288985320021903	acc@10: 0.54171485955208	acc@20: 0.6147568765885122	mrr: 0.0	mAP: 0.0

[2023-05-03 15:57:34 INFO]************************  Training epoch: 66/200  ************************
[2023-05-03 15:57:34 INFO]Current epoch's mean loss: 7.330141711966581
[2023-05-03 15:57:34 INFO]acc@1: 0.2720709170985482	acc@5: 0.581559169735626	acc@10: 0.6864954954106957	acc@20: 0.7615128598199117	mrr: 0.0	mAP: 0.0
[2023-05-03 15:57:48 INFO]---------------------------- validation ----------------------------
[2023-05-03 15:57:48 INFO]Mean loss: 8.964365865215402
[2023-05-03 15:57:48 INFO]acc@1: 0.1773207198580798	acc@5: 0.4341166063855712	acc@10: 0.5496894084513587	acc@20: 0.6235091382354534	mrr: 0.0	mAP: 0.0

[2023-05-03 15:58:01 INFO]================================ Testing ================================
[2023-05-03 15:58:01 INFO]Loss: 8.940321681168088
[2023-05-03 15:58:01 INFO]acc@1: 0.17459128479801797	acc@5: 0.4330258930849379	acc@10: 0.5479969942775841	acc@20: 0.619449665315295	mrr: 0.0	mAP: 0.0

[2023-05-03 16:01:03 INFO]************************  Training epoch: 67/200  ************************
[2023-05-03 16:01:03 INFO]Current epoch's mean loss: 7.3203427508975345
[2023-05-03 16:01:03 INFO]acc@1: 0.27217206142842565	acc@5: 0.5817395871065438	acc@10: 0.688169926824913	acc@20: 0.761834088131001	mrr: 0.0	mAP: 0.0
[2023-05-03 16:01:17 INFO]---------------------------- validation ----------------------------
[2023-05-03 16:01:17 INFO]Mean loss: 8.940898859038967
[2023-05-03 16:01:17 INFO]acc@1: 0.1777028623411938	acc@5: 0.4332470437663521	acc@10: 0.548029133370752	acc@20: 0.6239664323056344	mrr: 0.0	mAP: 0.0

[2023-05-03 16:01:30 INFO]================================ Testing ================================
[2023-05-03 16:01:30 INFO]Loss: 8.89916493533533
[2023-05-03 16:01:30 INFO]acc@1: 0.18220891160418876	acc@5: 0.4338915482660241	acc@10: 0.5478537995867223	acc@20: 0.6194372963360169	mrr: 0.0	mAP: 0.0

[2023-05-03 16:04:33 INFO]************************  Training epoch: 68/200  ************************
[2023-05-03 16:04:33 INFO]Current epoch's mean loss: 7.315013372485513
[2023-05-03 16:04:33 INFO]acc@1: 0.274210643142856	acc@5: 0.582904277491847	acc@10: 0.6873586988319029	acc@20: 0.7623075634143611	mrr: 0.0	mAP: 0.0
[2023-05-03 16:04:47 INFO]---------------------------- validation ----------------------------
[2023-05-03 16:04:47 INFO]Mean loss: 8.932858084570945
[2023-05-03 16:04:47 INFO]acc@1: 0.18183616971681096	acc@5: 0.4326893375425622	acc@10: 0.5463687341458017	acc@20: 0.6219428088147101	mrr: 0.0	mAP: 0.0

[2023-05-03 16:05:00 INFO]================================ Testing ================================
[2023-05-03 16:05:00 INFO]Loss: 8.921125131611856
[2023-05-03 16:05:00 INFO]acc@1: 0.18190949199395023	acc@5: 0.4328291743336123	acc@10: 0.5427905093181643	acc@20: 0.6158452270571206	mrr: 0.0	mAP: 0.0

[2023-05-03 16:08:03 INFO]************************  Training epoch: 69/200  ************************
[2023-05-03 16:08:03 INFO]Current epoch's mean loss: 7.3027822465586665
[2023-05-03 16:08:03 INFO]acc@1: 0.27398031689201313	acc@5: 0.5841774903996233	acc@10: 0.6887521235695689	acc@20: 0.7640436708075639	mrr: 0.0	mAP: 0.0
[2023-05-03 16:08:17 INFO]---------------------------- validation ----------------------------
[2023-05-03 16:08:17 INFO]Mean loss: 8.953887914701703
[2023-05-03 16:08:17 INFO]acc@1: 0.176625321748122	acc@5: 0.42884490755299554	acc@10: 0.5425439831737655	acc@20: 0.6252922640081432	mrr: 0.0	mAP: 0.0

[2023-05-03 16:08:30 INFO]================================ Testing ================================
[2023-05-03 16:08:30 INFO]Loss: 8.931236938275742
[2023-05-03 16:08:30 INFO]acc@1: 0.17663455795883223	acc@5: 0.43177762960177535	acc@10: 0.5402240070294726	acc@20: 0.6164964686589348	mrr: 0.0	mAP: 0.0

[2023-05-03 16:11:36 INFO]************************  Training epoch: 70/200  ************************
[2023-05-03 16:11:36 INFO]Current epoch's mean loss: 7.3059401358714435
[2023-05-03 16:11:36 INFO]acc@1: 0.27473306260005415	acc@5: 0.58351628537214	acc@10: 0.6894020518690969	acc@20: 0.7628649771751214	mrr: 0.0	mAP: 0.0
[2023-05-03 16:11:50 INFO]---------------------------- validation ----------------------------
[2023-05-03 16:11:50 INFO]Mean loss: 8.938887799384593
[2023-05-03 16:11:50 INFO]acc@1: 0.18365452179049882	acc@5: 0.4292489018464474	acc@10: 0.5480181691420247	acc@20: 0.623737186710773	mrr: 0.0	mAP: 0.0

[2023-05-03 16:12:03 INFO]================================ Testing ================================
[2023-05-03 16:12:03 INFO]Loss: 8.930469595854488
[2023-05-03 16:12:03 INFO]acc@1: 0.17902080318328523	acc@5: 0.4318572021983799	acc@10: 0.5426203704344642	acc@20: 0.6174281201443015	mrr: 0.0	mAP: 0.0

[2023-05-03 16:15:05 INFO]************************  Training epoch: 71/200  ************************
[2023-05-03 16:15:05 INFO]Current epoch's mean loss: 7.300993562212292
[2023-05-03 16:15:05 INFO]acc@1: 0.2758234332708499	acc@5: 0.5829770875502287	acc@10: 0.6882926048409621	acc@20: 0.7626230350839204	mrr: 0.0	mAP: 0.0
[2023-05-03 16:15:19 INFO]---------------------------- validation ----------------------------
[2023-05-03 16:15:19 INFO]Mean loss: 8.934855200631123
[2023-05-03 16:15:19 INFO]acc@1: 0.18398689008810062	acc@5: 0.4300194621263316	acc@10: 0.5458641918264513	acc@20: 0.624446539683543	mrr: 0.0	mAP: 0.0

[2023-05-03 16:15:32 INFO]================================ Testing ================================
[2023-05-03 16:15:32 INFO]Loss: 8.908168629060933
[2023-05-03 16:15:32 INFO]acc@1: 0.18030292840697298	acc@5: 0.4334101452685844	acc@10: 0.5445037600915064	acc@20: 0.6215966481323408	mrr: 0.0	mAP: 0.0

[2023-05-03 16:18:37 INFO]************************  Training epoch: 72/200  ************************
[2023-05-03 16:18:37 INFO]Current epoch's mean loss: 7.287787763321571
[2023-05-03 16:18:37 INFO]acc@1: 0.27626134769460065	acc@5: 0.5837642129183036	acc@10: 0.6907060045706521	acc@20: 0.7650029397295991	mrr: 0.0	mAP: 0.0
[2023-05-03 16:18:52 INFO]---------------------------- validation ----------------------------
[2023-05-03 16:18:52 INFO]Mean loss: 8.92418449201686
[2023-05-03 16:18:52 INFO]acc@1: 0.18545117904662559	acc@5: 0.4280431836537453	acc@10: 0.5471076561594214	acc@20: 0.6255802257783292	mrr: 0.0	mAP: 0.0

[2023-05-03 16:19:06 INFO]================================ Testing ================================
[2023-05-03 16:19:06 INFO]Loss: 8.902245523826736
[2023-05-03 16:19:06 INFO]acc@1: 0.17757863482101627	acc@5: 0.4366284207408634	acc@10: 0.5474616960519411	acc@20: 0.6206091148035904	mrr: 0.0	mAP: 0.0

[2023-05-03 16:22:13 INFO]************************  Training epoch: 73/200  ************************
[2023-05-03 16:22:13 INFO]Current epoch's mean loss: 7.283301041201433
[2023-05-03 16:22:13 INFO]acc@1: 0.2769340867996355	acc@5: 0.5834434039801629	acc@10: 0.6893306083495641	acc@20: 0.7641358073085857	mrr: 0.0	mAP: 0.0
[2023-05-03 16:22:27 INFO]---------------------------- validation ----------------------------
[2023-05-03 16:22:27 INFO]Mean loss: 8.943959294420278
[2023-05-03 16:22:27 INFO]acc@1: 0.1846907220664351	acc@5: 0.4323876529609578	acc@10: 0.5490028123603459	acc@20: 0.624962099991332	mrr: 0.0	mAP: 0.0

[2023-05-03 16:22:40 INFO]================================ Testing ================================
[2023-05-03 16:22:40 INFO]Loss: 8.92197173539311
[2023-05-03 16:22:40 INFO]acc@1: 0.17642173751381168	acc@5: 0.43815800495184093	acc@10: 0.5484399195805917	acc@20: 0.6205552970689249	mrr: 0.0	mAP: 0.0

[2023-05-03 16:25:40 INFO]************************  Training epoch: 74/200  ************************
[2023-05-03 16:25:40 INFO]Current epoch's mean loss: 7.277391859505434
[2023-05-03 16:25:40 INFO]acc@1: 0.27722301540178684	acc@5: 0.5853082854475166	acc@10: 0.6916760901701597	acc@20: 0.7653146618803712	mrr: 0.0	mAP: 0.0
[2023-05-03 16:25:55 INFO]---------------------------- validation ----------------------------
[2023-05-03 16:25:55 INFO]Mean loss: 8.945209028268039
[2023-05-03 16:25:55 INFO]acc@1: 0.18782088794182356	acc@5: 0.4327505607343116	acc@10: 0.547833901254605	acc@20: 0.6261382951418835	mrr: 0.0	mAP: 0.0

[2023-05-03 16:26:08 INFO]================================ Testing ================================
[2023-05-03 16:26:08 INFO]Loss: 8.907078744076797
[2023-05-03 16:26:08 INFO]acc@1: 0.179905748229642	acc@5: 0.4394628401849983	acc@10: 0.5460154951791706	acc@20: 0.619507536372119	mrr: 0.0	mAP: 0.0

[2023-05-03 16:29:06 INFO]************************  Training epoch: 75/200  ************************
[2023-05-03 16:29:06 INFO]Current epoch's mean loss: 7.269661310743358
[2023-05-03 16:29:06 INFO]acc@1: 0.27870968010952596	acc@5: 0.5871216372042228	acc@10: 0.6906440451052394	acc@20: 0.7654307608405334	mrr: 0.0	mAP: 0.0
[2023-05-03 16:29:20 INFO]---------------------------- validation ----------------------------
[2023-05-03 16:29:20 INFO]Mean loss: 8.924881722272296
[2023-05-03 16:29:20 INFO]acc@1: 0.18225669132814437	acc@5: 0.4358962983402874	acc@10: 0.5489408634912084	acc@20: 0.6265174083798075	mrr: 0.0	mAP: 0.0

[2023-05-03 16:29:33 INFO]================================ Testing ================================
[2023-05-03 16:29:33 INFO]Loss: 8.90994033535908
[2023-05-03 16:29:33 INFO]acc@1: 0.17600381883986096	acc@5: 0.44160451640243953	acc@10: 0.5454582846579856	acc@20: 0.623217289375354	mrr: 0.0	mAP: 0.0

[2023-05-03 16:32:40 INFO]************************  Training epoch: 76/200  ************************
[2023-05-03 16:32:40 INFO]Current epoch's mean loss: 7.261355918851632
[2023-05-03 16:32:40 INFO]acc@1: 0.27912938626598427	acc@5: 0.5867589386952664	acc@10: 0.6918359728577859	acc@20: 0.765953481911294	mrr: 0.0	mAP: 0.0
[2023-05-03 16:32:54 INFO]---------------------------- validation ----------------------------
[2023-05-03 16:32:54 INFO]Mean loss: 8.949465075031963
[2023-05-03 16:32:54 INFO]acc@1: 0.18556199036681684	acc@5: 0.4350438289290666	acc@10: 0.547359694707494	acc@20: 0.6269203787926989	mrr: 0.0	mAP: 0.0

[2023-05-03 16:33:07 INFO]================================ Testing ================================
[2023-05-03 16:33:07 INFO]Loss: 8.925840572227754
[2023-05-03 16:33:07 INFO]acc@1: 0.18223632233242404	acc@5: 0.43640826385575443	acc@10: 0.5472477858319483	acc@20: 0.6204776565177693	mrr: 0.0	mAP: 0.0

[2023-05-03 16:36:11 INFO]************************  Training epoch: 77/200  ************************
[2023-05-03 16:36:11 INFO]Current epoch's mean loss: 7.2739298903300345
[2023-05-03 16:36:11 INFO]acc@1: 0.2773354342379076	acc@5: 0.5867728326635371	acc@10: 0.6898577908319634	acc@20: 0.7634117851682698	mrr: 0.0	mAP: 0.0
[2023-05-03 16:36:25 INFO]---------------------------- validation ----------------------------
[2023-05-03 16:36:25 INFO]Mean loss: 8.952515366873326
[2023-05-03 16:36:25 INFO]acc@1: 0.18250600516694365	acc@5: 0.42735022052186444	acc@10: 0.542844364709969	acc@20: 0.6238398441061848	mrr: 0.0	mAP: 0.0

[2023-05-03 16:36:39 INFO]================================ Testing ================================
[2023-05-03 16:36:39 INFO]Loss: 8.914410757653151
[2023-05-03 16:36:39 INFO]acc@1: 0.174344222651617	acc@5: 0.4345331802361174	acc@10: 0.5460892722329052	acc@20: 0.6172283653790162	mrr: 0.0	mAP: 0.0

[2023-05-03 16:39:44 INFO]************************  Training epoch: 78/200  ************************
[2023-05-03 16:39:44 INFO]Current epoch's mean loss: 7.263197868038065
[2023-05-03 16:39:44 INFO]acc@1: 0.27852001719256847	acc@5: 0.5859932340193615	acc@10: 0.6928685050343522	acc@20: 0.7661909665874167	mrr: 0.0	mAP: 0.0
[2023-05-03 16:39:58 INFO]---------------------------- validation ----------------------------
[2023-05-03 16:39:58 INFO]Mean loss: 8.945005828853223
[2023-05-03 16:39:58 INFO]acc@1: 0.17909373474436624	acc@5: 0.4300424140034371	acc@10: 0.5450246011694118	acc@20: 0.6253792675214036	mrr: 0.0	mAP: 0.0

[2023-05-03 16:40:12 INFO]================================ Testing ================================
[2023-05-03 16:40:12 INFO]Loss: 8.929060566202786
[2023-05-03 16:40:12 INFO]acc@1: 0.1771460803049142	acc@5: 0.4356769998885834	acc@10: 0.5463300229221197	acc@20: 0.6193723134014646	mrr: 0.0	mAP: 0.0

[2023-05-03 16:43:13 INFO]************************  Training epoch: 79/200  ************************
[2023-05-03 16:43:13 INFO]Current epoch's mean loss: 7.256996934623726
[2023-05-03 16:43:13 INFO]acc@1: 0.27864914999324475	acc@5: 0.5879848013769226	acc@10: 0.6928031652112001	acc@20: 0.7658604763481196	mrr: 0.0	mAP: 0.0
[2023-05-03 16:43:28 INFO]---------------------------- validation ----------------------------
[2023-05-03 16:43:28 INFO]Mean loss: 8.964283705397547
[2023-05-03 16:43:28 INFO]acc@1: 0.1820117391522944	acc@5: 0.4343788956724476	acc@10: 0.5463625451763174	acc@20: 0.6244997687485503	mrr: 0.0	mAP: 0.0

[2023-05-03 16:43:41 INFO]================================ Testing ================================
[2023-05-03 16:43:41 INFO]Loss: 8.929125674657055
[2023-05-03 16:43:41 INFO]acc@1: 0.18111095333275412	acc@5: 0.43254920781031647	acc@10: 0.5437146349223199	acc@20: 0.6204052769381092	mrr: 0.0	mAP: 0.0

[2023-05-03 16:46:47 INFO]************************  Training epoch: 80/200  ************************
[2023-05-03 16:46:47 INFO]Current epoch's mean loss: 7.24122788574541
[2023-05-03 16:46:47 INFO]acc@1: 0.28199694665751757	acc@5: 0.5901608610312752	acc@10: 0.6945579311264556	acc@20: 0.7680660508637278	mrr: 0.0	mAP: 0.0
[2023-05-03 16:47:01 INFO]---------------------------- validation ----------------------------
[2023-05-03 16:47:01 INFO]Mean loss: 8.932327472774567
[2023-05-03 16:47:01 INFO]acc@1: 0.18628422142457324	acc@5: 0.4316464344541192	acc@10: 0.5469890043912647	acc@20: 0.6243045378077701	mrr: 0.0	mAP: 0.0

[2023-05-03 16:47:15 INFO]================================ Testing ================================
[2023-05-03 16:47:15 INFO]Loss: 8.904623819164177
[2023-05-03 16:47:15 INFO]acc@1: 0.18205890268187014	acc@5: 0.43660998915450155	acc@10: 0.5461470577197481	acc@20: 0.620986214934432	mrr: 0.0	mAP: 0.0

[2023-05-03 16:50:19 INFO]************************  Training epoch: 81/200  ************************
[2023-05-03 16:50:19 INFO]Current epoch's mean loss: 7.242486027828601
[2023-05-03 16:50:19 INFO]acc@1: 0.28169576203441404	acc@5: 0.5882455706210791	acc@10: 0.6919141985337736	acc@20: 0.7655529362680642	mrr: 0.0	mAP: 0.0
[2023-05-03 16:50:33 INFO]---------------------------- validation ----------------------------
[2023-05-03 16:50:33 INFO]Mean loss: 8.94252257007313
[2023-05-03 16:50:33 INFO]acc@1: 0.18142687022134904	acc@5: 0.4295667911712678	acc@10: 0.5512264941002574	acc@20: 0.6229033980191343	mrr: 0.0	mAP: 0.0

[2023-05-03 16:50:46 INFO]================================ Testing ================================
[2023-05-03 16:50:46 INFO]Loss: 8.910331094502883
[2023-05-03 16:50:46 INFO]acc@1: 0.17776566832466364	acc@5: 0.4347027201397036	acc@10: 0.5484339726487872	acc@20: 0.623478817074965	mrr: 0.0	mAP: 0.0

[2023-05-03 16:53:46 INFO]************************  Training epoch: 82/200  ************************
[2023-05-03 16:53:46 INFO]Current epoch's mean loss: 7.236641037522269
[2023-05-03 16:53:46 INFO]acc@1: 0.2813239242327602	acc@5: 0.5891049038984909	acc@10: 0.6922509124188344	acc@20: 0.7665758376497139	mrr: 0.0	mAP: 0.0
[2023-05-03 16:54:00 INFO]---------------------------- validation ----------------------------
[2023-05-03 16:54:00 INFO]Mean loss: 8.928977910907669
[2023-05-03 16:54:00 INFO]acc@1: 0.17995456929063056	acc@5: 0.43080205165141106	acc@10: 0.5508501512300706	acc@20: 0.626726178878876	mrr: 0.0	mAP: 0.0

[2023-05-03 16:54:13 INFO]================================ Testing ================================
[2023-05-03 16:54:13 INFO]Loss: 8.911835099284959
[2023-05-03 16:54:13 INFO]acc@1: 0.17729977156794935	acc@5: 0.43188677192685154	acc@10: 0.5489583181915078	acc@20: 0.6229677226743846	mrr: 0.0	mAP: 0.0

[2023-05-03 16:57:15 INFO]************************  Training epoch: 83/200  ************************
[2023-05-03 16:57:15 INFO]Current epoch's mean loss: 7.2340515498758124
[2023-05-03 16:57:15 INFO]acc@1: 0.28057366770366254	acc@5: 0.5901358463289504	acc@10: 0.6941256821436256	acc@20: 0.7671491581101524	mrr: 0.0	mAP: 0.0
[2023-05-03 16:57:29 INFO]---------------------------- validation ----------------------------
[2023-05-03 16:57:29 INFO]Mean loss: 8.932486600153023
[2023-05-03 16:57:29 INFO]acc@1: 0.18714897713009934	acc@5: 0.43144645572666684	acc@10: 0.5517211064552667	acc@20: 0.626260567284068	mrr: 0.0	mAP: 0.0

[2023-05-03 16:57:42 INFO]================================ Testing ================================
[2023-05-03 16:57:42 INFO]Loss: 8.909187698855071
[2023-05-03 16:57:42 INFO]acc@1: 0.17774834563369113	acc@5: 0.43685573181258774	acc@10: 0.5513390005769513	acc@20: 0.6251877597434243	mrr: 0.0	mAP: 0.0

